2020-08-28 16:54:55,452 [Worker-4: Loading available Gradle versions] INFO  o.e.b.c.i.u.g.PublishedGradleVersions - Gradle version information cache is out-of-date. Trying to update.
2020-08-28 17:01:24,035 [Worker-21: Creating maven-archetype-quickstart] INFO  o.e.m.c.i.p.ProjectConfigurationManager - Collecting project info '/pom.xml' D:\javaweb\명함관리프로그램(JDBC)\BusinessCard\pom.xml
2020-08-28 17:01:28,176 [Worker-21: Creating maven-archetype-quickstart] INFO  o.e.m.c.i.l.LifecycleMappingFactory - Using org.eclipse.m2e.jdt.JarLifecycleMapping lifecycle mapping for MavenProject: kr.or.connect:BusinessCard:0.0.1-SNAPSHOT @ D:\javaweb\명함관리프로그램(JDBC)\BusinessCard\pom.xml.
2020-08-28 17:01:30,136 [Worker-21: Creating maven-archetype-quickstart] INFO  o.e.m.j.i.AbstractJavaProjectConfigurator - Adding source folder /BusinessCard/src/main/java
2020-08-28 17:01:30,145 [Worker-21: Creating maven-archetype-quickstart] INFO  o.e.m.j.i.AbstractJavaProjectConfigurator - Adding source folder /BusinessCard/src/test/java
2020-08-28 17:01:30,617 [Worker-21: Creating maven-archetype-quickstart] INFO  o.e.m.c.i.p.ProjectConfigurationManager - Imported and configured 1 project(s) in 6 sec
2020-08-28 17:01:31,808 [Worker-21: Building] INFO  o.e.m.c.i.embedder.EclipseLogger - Using 'UTF-8' encoding to copy filtered resources.
2020-08-28 17:01:31,809 [Worker-21: Building] INFO  o.e.m.c.i.embedder.EclipseLogger - skip non existing resourceDirectory D:\javaweb\명함관리프로그램(JDBC)\BusinessCard\src\main\resources
2020-08-28 17:01:31,811 [Worker-21: Building] INFO  o.e.m.c.i.embedder.EclipseLogger - Using 'UTF-8' encoding to copy filtered resources.
2020-08-28 17:01:31,811 [Worker-21: Building] INFO  o.e.m.c.i.embedder.EclipseLogger - skip non existing resourceDirectory D:\javaweb\명함관리프로그램(JDBC)\BusinessCard\src\test\resources
2020-08-28 17:02:06,914 [Worker-25: Building] INFO  o.e.m.c.i.l.LifecycleMappingFactory - Using org.eclipse.m2e.jdt.JarLifecycleMapping lifecycle mapping for MavenProject: kr.or.connect:jdbcexam:0.0.1-SNAPSHOT @ D:\javaweb\명함관리프로그램(JDBC)\BusinessCard\pom.xml.
2020-08-28 17:02:08,256 [Worker-25: Building] INFO  o.e.m.c.i.embedder.EclipseLogger - Using 'UTF-8' encoding to copy filtered resources.
2020-08-28 17:02:08,256 [Worker-25: Building] INFO  o.e.m.c.i.embedder.EclipseLogger - skip non existing resourceDirectory D:\javaweb\명함관리프로그램(JDBC)\BusinessCard\src\main\resources
2020-08-28 17:02:08,257 [Worker-25: Building] INFO  o.e.m.c.i.embedder.EclipseLogger - Using 'UTF-8' encoding to copy filtered resources.
2020-08-28 17:02:08,258 [Worker-25: Building] INFO  o.e.m.c.i.embedder.EclipseLogger - skip non existing resourceDirectory D:\javaweb\명함관리프로그램(JDBC)\BusinessCard\src\test\resources
2020-08-28 17:02:09,910 [Worker-30: Building] INFO  o.e.m.c.i.embedder.EclipseLogger - Using 'UTF-8' encoding to copy filtered resources.
2020-08-28 17:02:09,910 [Worker-30: Building] INFO  o.e.m.c.i.embedder.EclipseLogger - skip non existing resourceDirectory D:\javaweb\명함관리프로그램(JDBC)\BusinessCard\src\main\resources
2020-08-28 17:02:09,912 [Worker-30: Building] INFO  o.e.m.c.i.embedder.EclipseLogger - Using 'UTF-8' encoding to copy filtered resources.
2020-08-28 17:02:09,912 [Worker-30: Building] INFO  o.e.m.c.i.embedder.EclipseLogger - skip non existing resourceDirectory D:\javaweb\명함관리프로그램(JDBC)\BusinessCard\src\test\resources
2020-08-28 17:02:31,705 [Worker-25: Updating Maven Project] INFO  o.e.m.c.i.p.ProjectConfigurationManager - Update started
2020-08-28 17:02:32,181 [Worker-25: Updating Maven Project] INFO  o.e.m.c.i.l.LifecycleMappingFactory - Using org.eclipse.m2e.jdt.JarLifecycleMapping lifecycle mapping for MavenProject: kr.or.connect:jdbcexam:0.0.1-SNAPSHOT @ D:\javaweb\명함관리프로그램(JDBC)\BusinessCard\pom.xml.
2020-08-28 17:02:32,405 [Worker-25: Updating Maven Project] INFO  o.e.m.j.i.AbstractJavaProjectConfigurator - Adding source folder /BusinessCard/src/main/java
2020-08-28 17:02:32,405 [Worker-25: Updating Maven Project] INFO  o.e.m.j.i.AbstractJavaProjectConfigurator - Adding source folder /BusinessCard/src/test/java
2020-08-28 17:02:32,694 [Worker-25: Updating Maven Project] INFO  o.e.m.c.i.p.ProjectConfigurationManager - Update completed: 0 sec
2020-08-28 17:02:32,907 [Worker-21: Building] INFO  o.e.m.c.i.embedder.EclipseLogger - Using 'UTF-8' encoding to copy filtered resources.
2020-08-28 17:02:32,908 [Worker-21: Building] INFO  o.e.m.c.i.embedder.EclipseLogger - skip non existing resourceDirectory D:\javaweb\명함관리프로그램(JDBC)\BusinessCard\src\main\resources
2020-08-28 17:02:32,910 [Worker-21: Building] INFO  o.e.m.c.i.embedder.EclipseLogger - Using 'UTF-8' encoding to copy filtered resources.
2020-08-28 17:02:32,911 [Worker-21: Building] INFO  o.e.m.c.i.embedder.EclipseLogger - skip non existing resourceDirectory D:\javaweb\명함관리프로그램(JDBC)\BusinessCard\src\test\resources
2020-08-28 17:02:50,779 [Worker-30: Building] INFO  o.e.m.c.i.embedder.EclipseLogger - Using 'UTF-8' encoding to copy filtered resources.
2020-08-28 17:02:50,780 [Worker-30: Building] INFO  o.e.m.c.i.embedder.EclipseLogger - skip non existing resourceDirectory D:\javaweb\명함관리프로그램(JDBC)\BusinessCard\src\main\resources
2020-08-28 17:02:50,780 [Worker-30: Building] INFO  o.e.m.c.i.embedder.EclipseLogger - Using 'UTF-8' encoding to copy filtered resources.
2020-08-28 17:02:50,780 [Worker-30: Building] INFO  o.e.m.c.i.embedder.EclipseLogger - skip non existing resourceDirectory D:\javaweb\명함관리프로그램(JDBC)\BusinessCard\src\test\resources
2020-08-28 17:03:42,194 [Worker-25: Building] INFO  o.e.m.c.i.embedder.EclipseLogger - Using 'UTF-8' encoding to copy filtered resources.
2020-08-28 17:03:42,194 [Worker-25: Building] INFO  o.e.m.c.i.embedder.EclipseLogger - skip non existing resourceDirectory D:\javaweb\명함관리프로그램(JDBC)\BusinessCard\src\main\resources
2020-08-28 17:03:42,195 [Worker-25: Building] INFO  o.e.m.c.i.embedder.EclipseLogger - Using 'UTF-8' encoding to copy filtered resources.
2020-08-28 17:03:42,196 [Worker-25: Building] INFO  o.e.m.c.i.embedder.EclipseLogger - skip non existing resourceDirectory D:\javaweb\명함관리프로그램(JDBC)\BusinessCard\src\test\resources
2020-08-28 17:03:45,059 [Worker-25: Building] INFO  o.e.m.c.i.embedder.EclipseLogger - Using 'UTF-8' encoding to copy filtered resources.
2020-08-28 17:03:45,059 [Worker-25: Building] INFO  o.e.m.c.i.embedder.EclipseLogger - skip non existing resourceDirectory D:\javaweb\명함관리프로그램(JDBC)\BusinessCard\src\main\resources
2020-08-28 17:03:45,060 [Worker-25: Building] INFO  o.e.m.c.i.embedder.EclipseLogger - Using 'UTF-8' encoding to copy filtered resources.
2020-08-28 17:03:45,061 [Worker-25: Building] INFO  o.e.m.c.i.embedder.EclipseLogger - skip non existing resourceDirectory D:\javaweb\명함관리프로그램(JDBC)\BusinessCard\src\test\resources
2020-08-28 17:03:53,575 [Worker-30: Updating Maven Project] INFO  o.e.m.c.i.p.ProjectConfigurationManager - Update started
2020-08-28 17:03:54,060 [Worker-30: Updating Maven Project] INFO  o.e.m.c.i.l.LifecycleMappingFactory - Using org.eclipse.m2e.jdt.JarLifecycleMapping lifecycle mapping for MavenProject: kr.or.connect:jdbcexam:0.0.1-SNAPSHOT @ D:\javaweb\명함관리프로그램(JDBC)\BusinessCard\pom.xml.
2020-08-28 17:03:54,298 [Worker-30: Updating Maven Project] INFO  o.e.m.j.i.AbstractJavaProjectConfigurator - Adding source folder /BusinessCard/src/main/java
2020-08-28 17:03:54,299 [Worker-30: Updating Maven Project] INFO  o.e.m.j.i.AbstractJavaProjectConfigurator - Adding source folder /BusinessCard/src/test/java
2020-08-28 17:03:54,377 [Worker-30: Updating Maven Project] INFO  o.e.m.c.i.p.ProjectConfigurationManager - Update completed: 0 sec
2020-08-28 17:03:54,517 [Worker-31: Building] INFO  o.e.m.c.i.embedder.EclipseLogger - Using 'UTF-8' encoding to copy filtered resources.
2020-08-28 17:03:54,517 [Worker-31: Building] INFO  o.e.m.c.i.embedder.EclipseLogger - skip non existing resourceDirectory D:\javaweb\명함관리프로그램(JDBC)\BusinessCard\src\main\resources
2020-08-28 17:03:54,519 [Worker-31: Building] INFO  o.e.m.c.i.embedder.EclipseLogger - Using 'UTF-8' encoding to copy filtered resources.
2020-08-28 17:03:54,519 [Worker-31: Building] INFO  o.e.m.c.i.embedder.EclipseLogger - skip non existing resourceDirectory D:\javaweb\명함관리프로그램(JDBC)\BusinessCard\src\test\resources
2020-08-28 17:07:34,604 [Worker-35: Building] INFO  o.e.m.c.i.embedder.EclipseLogger - Using 'UTF-8' encoding to copy filtered resources.
2020-08-28 17:07:34,605 [Worker-35: Building] INFO  o.e.m.c.i.embedder.EclipseLogger - skip non existing resourceDirectory D:\javaweb\명함관리프로그램(JDBC)\BusinessCard\src\main\resources
2020-08-28 17:07:34,605 [Worker-35: Building] INFO  o.e.m.c.i.embedder.EclipseLogger - Using 'UTF-8' encoding to copy filtered resources.
2020-08-28 17:07:34,606 [Worker-35: Building] INFO  o.e.m.c.i.embedder.EclipseLogger - skip non existing resourceDirectory D:\javaweb\명함관리프로그램(JDBC)\BusinessCard\src\test\resources
2020-08-28 17:08:13,549 [Worker-36: Building] INFO  o.e.m.c.i.embedder.EclipseLogger - Using 'UTF-8' encoding to copy filtered resources.
2020-08-28 17:08:13,550 [Worker-36: Building] INFO  o.e.m.c.i.embedder.EclipseLogger - skip non existing resourceDirectory D:\javaweb\명함관리프로그램(JDBC)\BusinessCard\src\main\resources
2020-08-28 17:08:13,551 [Worker-36: Building] INFO  o.e.m.c.i.embedder.EclipseLogger - Using 'UTF-8' encoding to copy filtered resources.
2020-08-28 17:08:13,551 [Worker-36: Building] INFO  o.e.m.c.i.embedder.EclipseLogger - skip non existing resourceDirectory D:\javaweb\명함관리프로그램(JDBC)\BusinessCard\src\test\resources
2020-08-28 17:08:58,882 [Worker-36: Building] INFO  o.e.m.c.i.embedder.EclipseLogger - Using 'UTF-8' encoding to copy filtered resources.
2020-08-28 17:08:58,882 [Worker-36: Building] INFO  o.e.m.c.i.embedder.EclipseLogger - skip non existing resourceDirectory D:\javaweb\명함관리프로그램(JDBC)\BusinessCard\src\main\resources
2020-08-28 17:08:58,883 [Worker-36: Building] INFO  o.e.m.c.i.embedder.EclipseLogger - Using 'UTF-8' encoding to copy filtered resources.
2020-08-28 17:08:58,884 [Worker-36: Building] INFO  o.e.m.c.i.embedder.EclipseLogger - skip non existing resourceDirectory D:\javaweb\명함관리프로그램(JDBC)\BusinessCard\src\test\resources
2020-08-28 17:09:15,568 [Worker-36: Building] INFO  o.e.m.c.i.embedder.EclipseLogger - Using 'UTF-8' encoding to copy filtered resources.
2020-08-28 17:09:15,569 [Worker-36: Building] INFO  o.e.m.c.i.embedder.EclipseLogger - skip non existing resourceDirectory D:\javaweb\명함관리프로그램(JDBC)\BusinessCard\src\main\resources
2020-08-28 17:09:15,571 [Worker-36: Building] INFO  o.e.m.c.i.embedder.EclipseLogger - Using 'UTF-8' encoding to copy filtered resources.
2020-08-28 17:09:15,573 [Worker-36: Building] INFO  o.e.m.c.i.embedder.EclipseLogger - skip non existing resourceDirectory D:\javaweb\명함관리프로그램(JDBC)\BusinessCard\src\test\resources
2020-08-28 17:09:33,691 [Worker-33: Building] INFO  o.e.m.c.i.embedder.EclipseLogger - Using 'UTF-8' encoding to copy filtered resources.
2020-08-28 17:09:33,691 [Worker-33: Building] INFO  o.e.m.c.i.embedder.EclipseLogger - skip non existing resourceDirectory D:\javaweb\명함관리프로그램(JDBC)\BusinessCard\src\main\resources
2020-08-28 17:09:33,692 [Worker-33: Building] INFO  o.e.m.c.i.embedder.EclipseLogger - Using 'UTF-8' encoding to copy filtered resources.
2020-08-28 17:09:33,692 [Worker-33: Building] INFO  o.e.m.c.i.embedder.EclipseLogger - skip non existing resourceDirectory D:\javaweb\명함관리프로그램(JDBC)\BusinessCard\src\test\resources
2020-08-28 17:10:42,458 [Worker-33: Building] INFO  o.e.m.c.i.embedder.EclipseLogger - Using 'UTF-8' encoding to copy filtered resources.
2020-08-28 17:10:42,459 [Worker-33: Building] INFO  o.e.m.c.i.embedder.EclipseLogger - skip non existing resourceDirectory D:\javaweb\명함관리프로그램(JDBC)\BusinessCard\src\main\resources
2020-08-28 17:10:42,460 [Worker-33: Building] INFO  o.e.m.c.i.embedder.EclipseLogger - Using 'UTF-8' encoding to copy filtered resources.
2020-08-28 17:10:42,460 [Worker-33: Building] INFO  o.e.m.c.i.embedder.EclipseLogger - skip non existing resourceDirectory D:\javaweb\명함관리프로그램(JDBC)\BusinessCard\src\test\resources
2020-08-28 17:10:56,268 [Worker-33: Building] INFO  o.e.m.c.i.embedder.EclipseLogger - Using 'UTF-8' encoding to copy filtered resources.
2020-08-28 17:10:56,269 [Worker-33: Building] INFO  o.e.m.c.i.embedder.EclipseLogger - skip non existing resourceDirectory D:\javaweb\명함관리프로그램(JDBC)\BusinessCard\src\main\resources
2020-08-28 17:10:56,270 [Worker-33: Building] INFO  o.e.m.c.i.embedder.EclipseLogger - Using 'UTF-8' encoding to copy filtered resources.
2020-08-28 17:10:56,271 [Worker-33: Building] INFO  o.e.m.c.i.embedder.EclipseLogger - skip non existing resourceDirectory D:\javaweb\명함관리프로그램(JDBC)\BusinessCard\src\test\resources
2020-08-28 17:11:05,719 [Worker-36: Building] INFO  o.e.m.c.i.embedder.EclipseLogger - Using 'UTF-8' encoding to copy filtered resources.
2020-08-28 17:11:05,719 [Worker-36: Building] INFO  o.e.m.c.i.embedder.EclipseLogger - skip non existing resourceDirectory D:\javaweb\명함관리프로그램(JDBC)\BusinessCard\src\main\resources
2020-08-28 17:11:05,725 [Worker-36: Building] INFO  o.e.m.c.i.embedder.EclipseLogger - Using 'UTF-8' encoding to copy filtered resources.
2020-08-28 17:11:05,725 [Worker-36: Building] INFO  o.e.m.c.i.embedder.EclipseLogger - skip non existing resourceDirectory D:\javaweb\명함관리프로그램(JDBC)\BusinessCard\src\test\resources
2020-08-28 17:12:20,054 [Worker-33: Building] INFO  o.e.m.c.i.embedder.EclipseLogger - Using 'UTF-8' encoding to copy filtered resources.
2020-08-28 17:12:20,055 [Worker-33: Building] INFO  o.e.m.c.i.embedder.EclipseLogger - skip non existing resourceDirectory D:\javaweb\명함관리프로그램(JDBC)\BusinessCard\src\main\resources
2020-08-28 17:12:20,055 [Worker-33: Building] INFO  o.e.m.c.i.embedder.EclipseLogger - Using 'UTF-8' encoding to copy filtered resources.
2020-08-28 17:12:20,055 [Worker-33: Building] INFO  o.e.m.c.i.embedder.EclipseLogger - skip non existing resourceDirectory D:\javaweb\명함관리프로그램(JDBC)\BusinessCard\src\test\resources
2020-08-28 17:19:53,966 [Worker-36: Building] INFO  o.e.m.c.i.embedder.EclipseLogger - Using 'UTF-8' encoding to copy filtered resources.
2020-08-28 17:19:53,967 [Worker-36: Building] INFO  o.e.m.c.i.embedder.EclipseLogger - skip non existing resourceDirectory D:\javaweb\명함관리프로그램(JDBC)\BusinessCard\src\main\resources
2020-08-28 17:19:53,967 [Worker-36: Building] INFO  o.e.m.c.i.embedder.EclipseLogger - Using 'UTF-8' encoding to copy filtered resources.
2020-08-28 17:19:53,967 [Worker-36: Building] INFO  o.e.m.c.i.embedder.EclipseLogger - skip non existing resourceDirectory D:\javaweb\명함관리프로그램(JDBC)\BusinessCard\src\test\resources
2020-08-28 17:20:03,759 [Worker-36: Building] INFO  o.e.m.c.i.embedder.EclipseLogger - Using 'UTF-8' encoding to copy filtered resources.
2020-08-28 17:20:03,759 [Worker-36: Building] INFO  o.e.m.c.i.embedder.EclipseLogger - skip non existing resourceDirectory D:\javaweb\명함관리프로그램(JDBC)\BusinessCard\src\main\resources
2020-08-28 17:20:03,759 [Worker-36: Building] INFO  o.e.m.c.i.embedder.EclipseLogger - Using 'UTF-8' encoding to copy filtered resources.
2020-08-28 17:20:03,760 [Worker-36: Building] INFO  o.e.m.c.i.embedder.EclipseLogger - skip non existing resourceDirectory D:\javaweb\명함관리프로그램(JDBC)\BusinessCard\src\test\resources
2020-08-28 17:20:39,162 [Worker-42: Building] INFO  o.e.m.c.i.embedder.EclipseLogger - Using 'UTF-8' encoding to copy filtered resources.
2020-08-28 17:20:39,163 [Worker-42: Building] INFO  o.e.m.c.i.embedder.EclipseLogger - skip non existing resourceDirectory D:\javaweb\명함관리프로그램(JDBC)\BusinessCard\src\main\resources
2020-08-28 17:20:39,163 [Worker-42: Building] INFO  o.e.m.c.i.embedder.EclipseLogger - Using 'UTF-8' encoding to copy filtered resources.
2020-08-28 17:20:39,163 [Worker-42: Building] INFO  o.e.m.c.i.embedder.EclipseLogger - skip non existing resourceDirectory D:\javaweb\명함관리프로그램(JDBC)\BusinessCard\src\test\resources
2020-08-28 17:22:34,596 [Worker-43: Building] INFO  o.e.m.c.i.embedder.EclipseLogger - Using 'UTF-8' encoding to copy filtered resources.
2020-08-28 17:22:34,596 [Worker-43: Building] INFO  o.e.m.c.i.embedder.EclipseLogger - skip non existing resourceDirectory D:\javaweb\명함관리프로그램(JDBC)\BusinessCard\src\main\resources
2020-08-28 17:22:34,597 [Worker-43: Building] INFO  o.e.m.c.i.embedder.EclipseLogger - Using 'UTF-8' encoding to copy filtered resources.
2020-08-28 17:22:34,597 [Worker-43: Building] INFO  o.e.m.c.i.embedder.EclipseLogger - skip non existing resourceDirectory D:\javaweb\명함관리프로그램(JDBC)\BusinessCard\src\test\resources
2020-08-28 17:27:30,409 [Worker-47: Building] INFO  o.e.m.c.i.embedder.EclipseLogger - Using 'UTF-8' encoding to copy filtered resources.
2020-08-28 17:27:30,409 [Worker-47: Building] INFO  o.e.m.c.i.embedder.EclipseLogger - skip non existing resourceDirectory D:\javaweb\명함관리프로그램(JDBC)\BusinessCard\src\main\resources
2020-08-28 17:27:30,410 [Worker-47: Building] INFO  o.e.m.c.i.embedder.EclipseLogger - Using 'UTF-8' encoding to copy filtered resources.
2020-08-28 17:27:30,410 [Worker-47: Building] INFO  o.e.m.c.i.embedder.EclipseLogger - skip non existing resourceDirectory D:\javaweb\명함관리프로그램(JDBC)\BusinessCard\src\test\resources
2020-08-28 17:28:39,119 [Worker-36: Building] INFO  o.e.m.c.i.embedder.EclipseLogger - Using 'UTF-8' encoding to copy filtered resources.
2020-08-28 17:28:39,119 [Worker-36: Building] INFO  o.e.m.c.i.embedder.EclipseLogger - skip non existing resourceDirectory D:\javaweb\명함관리프로그램(JDBC)\BusinessCard\src\main\resources
2020-08-28 17:28:39,120 [Worker-36: Building] INFO  o.e.m.c.i.embedder.EclipseLogger - Using 'UTF-8' encoding to copy filtered resources.
2020-08-28 17:28:39,120 [Worker-36: Building] INFO  o.e.m.c.i.embedder.EclipseLogger - skip non existing resourceDirectory D:\javaweb\명함관리프로그램(JDBC)\BusinessCard\src\test\resources
2020-08-28 17:28:56,407 [Worker-48: Building] INFO  o.e.m.c.i.embedder.EclipseLogger - Using 'UTF-8' encoding to copy filtered resources.
2020-08-28 17:28:56,408 [Worker-48: Building] INFO  o.e.m.c.i.embedder.EclipseLogger - skip non existing resourceDirectory D:\javaweb\명함관리프로그램(JDBC)\BusinessCard\src\main\resources
2020-08-28 17:28:56,408 [Worker-48: Building] INFO  o.e.m.c.i.embedder.EclipseLogger - Using 'UTF-8' encoding to copy filtered resources.
2020-08-28 17:28:56,408 [Worker-48: Building] INFO  o.e.m.c.i.embedder.EclipseLogger - skip non existing resourceDirectory D:\javaweb\명함관리프로그램(JDBC)\BusinessCard\src\test\resources
2020-08-28 17:30:19,831 [Worker-48: Building] INFO  o.e.m.c.i.embedder.EclipseLogger - Using 'UTF-8' encoding to copy filtered resources.
2020-08-28 17:30:19,831 [Worker-48: Building] INFO  o.e.m.c.i.embedder.EclipseLogger - skip non existing resourceDirectory D:\javaweb\명함관리프로그램(JDBC)\BusinessCard\src\main\resources
2020-08-28 17:30:19,832 [Worker-48: Building] INFO  o.e.m.c.i.embedder.EclipseLogger - Using 'UTF-8' encoding to copy filtered resources.
2020-08-28 17:30:19,832 [Worker-48: Building] INFO  o.e.m.c.i.embedder.EclipseLogger - skip non existing resourceDirectory D:\javaweb\명함관리프로그램(JDBC)\BusinessCard\src\test\resources
2020-08-28 17:31:45,695 [Worker-51: Building] INFO  o.e.m.c.i.embedder.EclipseLogger - Using 'UTF-8' encoding to copy filtered resources.
2020-08-28 17:31:45,695 [Worker-51: Building] INFO  o.e.m.c.i.embedder.EclipseLogger - skip non existing resourceDirectory D:\javaweb\명함관리프로그램(JDBC)\BusinessCard\src\main\resources
2020-08-28 17:31:45,696 [Worker-51: Building] INFO  o.e.m.c.i.embedder.EclipseLogger - Using 'UTF-8' encoding to copy filtered resources.
2020-08-28 17:31:45,696 [Worker-51: Building] INFO  o.e.m.c.i.embedder.EclipseLogger - skip non existing resourceDirectory D:\javaweb\명함관리프로그램(JDBC)\BusinessCard\src\test\resources
2020-08-28 17:31:47,123 [Worker-36: Building] INFO  o.e.m.c.i.embedder.EclipseLogger - Using 'UTF-8' encoding to copy filtered resources.
2020-08-28 17:31:47,123 [Worker-36: Building] INFO  o.e.m.c.i.embedder.EclipseLogger - skip non existing resourceDirectory D:\javaweb\명함관리프로그램(JDBC)\BusinessCard\src\main\resources
2020-08-28 17:31:47,125 [Worker-36: Building] INFO  o.e.m.c.i.embedder.EclipseLogger - Using 'UTF-8' encoding to copy filtered resources.
2020-08-28 17:31:47,125 [Worker-36: Building] INFO  o.e.m.c.i.embedder.EclipseLogger - skip non existing resourceDirectory D:\javaweb\명함관리프로그램(JDBC)\BusinessCard\src\test\resources
2020-08-28 17:31:51,014 [Worker-50: Building] INFO  o.e.m.c.i.embedder.EclipseLogger - Using 'UTF-8' encoding to copy filtered resources.
2020-08-28 17:31:51,014 [Worker-50: Building] INFO  o.e.m.c.i.embedder.EclipseLogger - skip non existing resourceDirectory D:\javaweb\명함관리프로그램(JDBC)\BusinessCard\src\main\resources
2020-08-28 17:31:51,014 [Worker-50: Building] INFO  o.e.m.c.i.embedder.EclipseLogger - Using 'UTF-8' encoding to copy filtered resources.
2020-08-28 17:31:51,015 [Worker-50: Building] INFO  o.e.m.c.i.embedder.EclipseLogger - skip non existing resourceDirectory D:\javaweb\명함관리프로그램(JDBC)\BusinessCard\src\test\resources
2020-08-28 17:31:57,964 [Worker-50: Building] INFO  o.e.m.c.i.embedder.EclipseLogger - Using 'UTF-8' encoding to copy filtered resources.
2020-08-28 17:31:57,965 [Worker-50: Building] INFO  o.e.m.c.i.embedder.EclipseLogger - skip non existing resourceDirectory D:\javaweb\명함관리프로그램(JDBC)\BusinessCard\src\main\resources
2020-08-28 17:31:57,965 [Worker-50: Building] INFO  o.e.m.c.i.embedder.EclipseLogger - Using 'UTF-8' encoding to copy filtered resources.
2020-08-28 17:31:57,965 [Worker-50: Building] INFO  o.e.m.c.i.embedder.EclipseLogger - skip non existing resourceDirectory D:\javaweb\명함관리프로그램(JDBC)\BusinessCard\src\test\resources
2020-08-28 17:32:30,534 [Worker-48: Building] INFO  o.e.m.c.i.embedder.EclipseLogger - Using 'UTF-8' encoding to copy filtered resources.
2020-08-28 17:32:30,534 [Worker-48: Building] INFO  o.e.m.c.i.embedder.EclipseLogger - skip non existing resourceDirectory D:\javaweb\명함관리프로그램(JDBC)\BusinessCard\src\main\resources
2020-08-28 17:32:30,535 [Worker-48: Building] INFO  o.e.m.c.i.embedder.EclipseLogger - Using 'UTF-8' encoding to copy filtered resources.
2020-08-28 17:32:30,535 [Worker-48: Building] INFO  o.e.m.c.i.embedder.EclipseLogger - skip non existing resourceDirectory D:\javaweb\명함관리프로그램(JDBC)\BusinessCard\src\test\resources
2020-08-28 17:32:36,666 [Worker-45: Building] INFO  o.e.m.c.i.embedder.EclipseLogger - Using 'UTF-8' encoding to copy filtered resources.
2020-08-28 17:32:36,666 [Worker-45: Building] INFO  o.e.m.c.i.embedder.EclipseLogger - skip non existing resourceDirectory D:\javaweb\명함관리프로그램(JDBC)\BusinessCard\src\main\resources
2020-08-28 17:32:36,666 [Worker-45: Building] INFO  o.e.m.c.i.embedder.EclipseLogger - Using 'UTF-8' encoding to copy filtered resources.
2020-08-28 17:32:36,667 [Worker-45: Building] INFO  o.e.m.c.i.embedder.EclipseLogger - skip non existing resourceDirectory D:\javaweb\명함관리프로그램(JDBC)\BusinessCard\src\test\resources
2020-08-28 17:35:45,562 [Worker-52: Building] INFO  o.e.m.c.i.embedder.EclipseLogger - Using 'UTF-8' encoding to copy filtered resources.
2020-08-28 17:35:45,562 [Worker-52: Building] INFO  o.e.m.c.i.embedder.EclipseLogger - skip non existing resourceDirectory D:\javaweb\명함관리프로그램(JDBC)\BusinessCard\src\main\resources
2020-08-28 17:35:45,563 [Worker-52: Building] INFO  o.e.m.c.i.embedder.EclipseLogger - Using 'UTF-8' encoding to copy filtered resources.
2020-08-28 17:35:45,563 [Worker-52: Building] INFO  o.e.m.c.i.embedder.EclipseLogger - skip non existing resourceDirectory D:\javaweb\명함관리프로그램(JDBC)\BusinessCard\src\test\resources
2020-08-28 17:35:51,296 [Worker-48: Building] INFO  o.e.m.c.i.embedder.EclipseLogger - Using 'UTF-8' encoding to copy filtered resources.
2020-08-28 17:35:51,297 [Worker-48: Building] INFO  o.e.m.c.i.embedder.EclipseLogger - skip non existing resourceDirectory D:\javaweb\명함관리프로그램(JDBC)\BusinessCard\src\main\resources
2020-08-28 17:35:51,297 [Worker-48: Building] INFO  o.e.m.c.i.embedder.EclipseLogger - Using 'UTF-8' encoding to copy filtered resources.
2020-08-28 17:35:51,297 [Worker-48: Building] INFO  o.e.m.c.i.embedder.EclipseLogger - skip non existing resourceDirectory D:\javaweb\명함관리프로그램(JDBC)\BusinessCard\src\test\resources
2020-08-28 17:36:17,424 [Worker-52: Building] INFO  o.e.m.c.i.embedder.EclipseLogger - Using 'UTF-8' encoding to copy filtered resources.
2020-08-28 17:36:17,424 [Worker-52: Building] INFO  o.e.m.c.i.embedder.EclipseLogger - skip non existing resourceDirectory D:\javaweb\명함관리프로그램(JDBC)\BusinessCard\src\main\resources
2020-08-28 17:36:17,425 [Worker-52: Building] INFO  o.e.m.c.i.embedder.EclipseLogger - Using 'UTF-8' encoding to copy filtered resources.
2020-08-28 17:36:17,425 [Worker-52: Building] INFO  o.e.m.c.i.embedder.EclipseLogger - skip non existing resourceDirectory D:\javaweb\명함관리프로그램(JDBC)\BusinessCard\src\test\resources
2020-08-28 17:36:26,200 [Worker-55: Building] INFO  o.e.m.c.i.embedder.EclipseLogger - Using 'UTF-8' encoding to copy filtered resources.
2020-08-28 17:36:26,200 [Worker-55: Building] INFO  o.e.m.c.i.embedder.EclipseLogger - skip non existing resourceDirectory D:\javaweb\명함관리프로그램(JDBC)\BusinessCard\src\main\resources
2020-08-28 17:36:26,200 [Worker-55: Building] INFO  o.e.m.c.i.embedder.EclipseLogger - Using 'UTF-8' encoding to copy filtered resources.
2020-08-28 17:36:26,201 [Worker-55: Building] INFO  o.e.m.c.i.embedder.EclipseLogger - skip non existing resourceDirectory D:\javaweb\명함관리프로그램(JDBC)\BusinessCard\src\test\resources
2020-08-28 17:37:05,434 [Worker-55: Building] INFO  o.e.m.c.i.embedder.EclipseLogger - Using 'UTF-8' encoding to copy filtered resources.
2020-08-28 17:37:05,434 [Worker-55: Building] INFO  o.e.m.c.i.embedder.EclipseLogger - skip non existing resourceDirectory D:\javaweb\명함관리프로그램(JDBC)\BusinessCard\src\main\resources
2020-08-28 17:37:05,435 [Worker-55: Building] INFO  o.e.m.c.i.embedder.EclipseLogger - Using 'UTF-8' encoding to copy filtered resources.
2020-08-28 17:37:05,435 [Worker-55: Building] INFO  o.e.m.c.i.embedder.EclipseLogger - skip non existing resourceDirectory D:\javaweb\명함관리프로그램(JDBC)\BusinessCard\src\test\resources
2020-08-28 17:37:31,620 [Worker-53: Building] INFO  o.e.m.c.i.embedder.EclipseLogger - Using 'UTF-8' encoding to copy filtered resources.
2020-08-28 17:37:31,620 [Worker-53: Building] INFO  o.e.m.c.i.embedder.EclipseLogger - skip non existing resourceDirectory D:\javaweb\명함관리프로그램(JDBC)\BusinessCard\src\main\resources
2020-08-28 17:37:31,620 [Worker-53: Building] INFO  o.e.m.c.i.embedder.EclipseLogger - Using 'UTF-8' encoding to copy filtered resources.
2020-08-28 17:37:31,621 [Worker-53: Building] INFO  o.e.m.c.i.embedder.EclipseLogger - skip non existing resourceDirectory D:\javaweb\명함관리프로그램(JDBC)\BusinessCard\src\test\resources
2020-08-28 17:38:16,086 [Worker-48: Building] INFO  o.e.m.c.i.embedder.EclipseLogger - Using 'UTF-8' encoding to copy filtered resources.
2020-08-28 17:38:16,087 [Worker-48: Building] INFO  o.e.m.c.i.embedder.EclipseLogger - skip non existing resourceDirectory D:\javaweb\명함관리프로그램(JDBC)\BusinessCard\src\main\resources
2020-08-28 17:38:16,087 [Worker-48: Building] INFO  o.e.m.c.i.embedder.EclipseLogger - Using 'UTF-8' encoding to copy filtered resources.
2020-08-28 17:38:16,087 [Worker-48: Building] INFO  o.e.m.c.i.embedder.EclipseLogger - skip non existing resourceDirectory D:\javaweb\명함관리프로그램(JDBC)\BusinessCard\src\test\resources
2020-08-28 17:38:24,737 [Worker-54: Building] INFO  o.e.m.c.i.embedder.EclipseLogger - Using 'UTF-8' encoding to copy filtered resources.
2020-08-28 17:38:24,737 [Worker-54: Building] INFO  o.e.m.c.i.embedder.EclipseLogger - skip non existing resourceDirectory D:\javaweb\명함관리프로그램(JDBC)\BusinessCard\src\main\resources
2020-08-28 17:38:24,738 [Worker-54: Building] INFO  o.e.m.c.i.embedder.EclipseLogger - Using 'UTF-8' encoding to copy filtered resources.
2020-08-28 17:38:24,738 [Worker-54: Building] INFO  o.e.m.c.i.embedder.EclipseLogger - skip non existing resourceDirectory D:\javaweb\명함관리프로그램(JDBC)\BusinessCard\src\test\resources
2020-08-28 17:38:36,777 [Worker-48: Building] INFO  o.e.m.c.i.embedder.EclipseLogger - Using 'UTF-8' encoding to copy filtered resources.
2020-08-28 17:38:36,777 [Worker-48: Building] INFO  o.e.m.c.i.embedder.EclipseLogger - skip non existing resourceDirectory D:\javaweb\명함관리프로그램(JDBC)\BusinessCard\src\main\resources
2020-08-28 17:38:36,778 [Worker-48: Building] INFO  o.e.m.c.i.embedder.EclipseLogger - Using 'UTF-8' encoding to copy filtered resources.
2020-08-28 17:38:36,778 [Worker-48: Building] INFO  o.e.m.c.i.embedder.EclipseLogger - skip non existing resourceDirectory D:\javaweb\명함관리프로그램(JDBC)\BusinessCard\src\test\resources
2020-08-28 17:38:39,547 [Worker-51: Building] INFO  o.e.m.c.i.embedder.EclipseLogger - Using 'UTF-8' encoding to copy filtered resources.
2020-08-28 17:38:39,547 [Worker-51: Building] INFO  o.e.m.c.i.embedder.EclipseLogger - skip non existing resourceDirectory D:\javaweb\명함관리프로그램(JDBC)\BusinessCard\src\main\resources
2020-08-28 17:38:39,548 [Worker-51: Building] INFO  o.e.m.c.i.embedder.EclipseLogger - Using 'UTF-8' encoding to copy filtered resources.
2020-08-28 17:38:39,548 [Worker-51: Building] INFO  o.e.m.c.i.embedder.EclipseLogger - skip non existing resourceDirectory D:\javaweb\명함관리프로그램(JDBC)\BusinessCard\src\test\resources
2020-08-28 17:38:42,325 [Worker-54: Building] INFO  o.e.m.c.i.embedder.EclipseLogger - Using 'UTF-8' encoding to copy filtered resources.
2020-08-28 17:38:42,325 [Worker-54: Building] INFO  o.e.m.c.i.embedder.EclipseLogger - skip non existing resourceDirectory D:\javaweb\명함관리프로그램(JDBC)\BusinessCard\src\main\resources
2020-08-28 17:38:42,326 [Worker-54: Building] INFO  o.e.m.c.i.embedder.EclipseLogger - Using 'UTF-8' encoding to copy filtered resources.
2020-08-28 17:38:42,326 [Worker-54: Building] INFO  o.e.m.c.i.embedder.EclipseLogger - skip non existing resourceDirectory D:\javaweb\명함관리프로그램(JDBC)\BusinessCard\src\test\resources
2020-08-28 17:39:18,353 [Worker-52: Building] INFO  o.e.m.c.i.embedder.EclipseLogger - Using 'UTF-8' encoding to copy filtered resources.
2020-08-28 17:39:18,354 [Worker-52: Building] INFO  o.e.m.c.i.embedder.EclipseLogger - skip non existing resourceDirectory D:\javaweb\명함관리프로그램(JDBC)\BusinessCard\src\main\resources
2020-08-28 17:39:18,354 [Worker-52: Building] INFO  o.e.m.c.i.embedder.EclipseLogger - Using 'UTF-8' encoding to copy filtered resources.
2020-08-28 17:39:18,354 [Worker-52: Building] INFO  o.e.m.c.i.embedder.EclipseLogger - skip non existing resourceDirectory D:\javaweb\명함관리프로그램(JDBC)\BusinessCard\src\test\resources
2020-08-28 17:39:21,790 [Worker-53: Building] INFO  o.e.m.c.i.embedder.EclipseLogger - Using 'UTF-8' encoding to copy filtered resources.
2020-08-28 17:39:21,790 [Worker-53: Building] INFO  o.e.m.c.i.embedder.EclipseLogger - skip non existing resourceDirectory D:\javaweb\명함관리프로그램(JDBC)\BusinessCard\src\main\resources
2020-08-28 17:39:21,791 [Worker-53: Building] INFO  o.e.m.c.i.embedder.EclipseLogger - Using 'UTF-8' encoding to copy filtered resources.
2020-08-28 17:39:21,791 [Worker-53: Building] INFO  o.e.m.c.i.embedder.EclipseLogger - skip non existing resourceDirectory D:\javaweb\명함관리프로그램(JDBC)\BusinessCard\src\test\resources
2020-08-28 17:39:53,994 [Worker-54: Building] INFO  o.e.m.c.i.embedder.EclipseLogger - Using 'UTF-8' encoding to copy filtered resources.
2020-08-28 17:39:53,994 [Worker-54: Building] INFO  o.e.m.c.i.embedder.EclipseLogger - skip non existing resourceDirectory D:\javaweb\명함관리프로그램(JDBC)\BusinessCard\src\main\resources
2020-08-28 17:39:53,994 [Worker-54: Building] INFO  o.e.m.c.i.embedder.EclipseLogger - Using 'UTF-8' encoding to copy filtered resources.
2020-08-28 17:39:53,996 [Worker-54: Building] INFO  o.e.m.c.i.embedder.EclipseLogger - skip non existing resourceDirectory D:\javaweb\명함관리프로그램(JDBC)\BusinessCard\src\test\resources
2020-08-28 17:39:58,194 [Worker-56: Building] INFO  o.e.m.c.i.embedder.EclipseLogger - Using 'UTF-8' encoding to copy filtered resources.
2020-08-28 17:39:58,195 [Worker-56: Building] INFO  o.e.m.c.i.embedder.EclipseLogger - skip non existing resourceDirectory D:\javaweb\명함관리프로그램(JDBC)\BusinessCard\src\main\resources
2020-08-28 17:39:58,195 [Worker-56: Building] INFO  o.e.m.c.i.embedder.EclipseLogger - Using 'UTF-8' encoding to copy filtered resources.
2020-08-28 17:39:58,195 [Worker-56: Building] INFO  o.e.m.c.i.embedder.EclipseLogger - skip non existing resourceDirectory D:\javaweb\명함관리프로그램(JDBC)\BusinessCard\src\test\resources
2020-08-28 17:40:34,943 [Worker-52: Building] INFO  o.e.m.c.i.embedder.EclipseLogger - Using 'UTF-8' encoding to copy filtered resources.
2020-08-28 17:40:34,943 [Worker-52: Building] INFO  o.e.m.c.i.embedder.EclipseLogger - skip non existing resourceDirectory D:\javaweb\명함관리프로그램(JDBC)\BusinessCard\src\main\resources
2020-08-28 17:40:34,943 [Worker-52: Building] INFO  o.e.m.c.i.embedder.EclipseLogger - Using 'UTF-8' encoding to copy filtered resources.
2020-08-28 17:40:34,943 [Worker-52: Building] INFO  o.e.m.c.i.embedder.EclipseLogger - skip non existing resourceDirectory D:\javaweb\명함관리프로그램(JDBC)\BusinessCard\src\test\resources
2020-08-28 17:40:44,556 [Worker-53: Building] INFO  o.e.m.c.i.embedder.EclipseLogger - Using 'UTF-8' encoding to copy filtered resources.
2020-08-28 17:40:44,557 [Worker-53: Building] INFO  o.e.m.c.i.embedder.EclipseLogger - skip non existing resourceDirectory D:\javaweb\명함관리프로그램(JDBC)\BusinessCard\src\main\resources
2020-08-28 17:40:44,557 [Worker-53: Building] INFO  o.e.m.c.i.embedder.EclipseLogger - Using 'UTF-8' encoding to copy filtered resources.
2020-08-28 17:40:44,557 [Worker-53: Building] INFO  o.e.m.c.i.embedder.EclipseLogger - skip non existing resourceDirectory D:\javaweb\명함관리프로그램(JDBC)\BusinessCard\src\test\resources
2020-08-28 17:41:54,253 [Worker-52: Building] INFO  o.e.m.c.i.embedder.EclipseLogger - Using 'UTF-8' encoding to copy filtered resources.
2020-08-28 17:41:54,253 [Worker-52: Building] INFO  o.e.m.c.i.embedder.EclipseLogger - skip non existing resourceDirectory D:\javaweb\명함관리프로그램(JDBC)\BusinessCard\src\main\resources
2020-08-28 17:41:54,253 [Worker-52: Building] INFO  o.e.m.c.i.embedder.EclipseLogger - Using 'UTF-8' encoding to copy filtered resources.
2020-08-28 17:41:54,253 [Worker-52: Building] INFO  o.e.m.c.i.embedder.EclipseLogger - skip non existing resourceDirectory D:\javaweb\명함관리프로그램(JDBC)\BusinessCard\src\test\resources
2020-08-28 17:42:24,507 [Worker-56: Building] INFO  o.e.m.c.i.embedder.EclipseLogger - Using 'UTF-8' encoding to copy filtered resources.
2020-08-28 17:42:24,507 [Worker-56: Building] INFO  o.e.m.c.i.embedder.EclipseLogger - skip non existing resourceDirectory D:\javaweb\명함관리프로그램(JDBC)\BusinessCard\src\main\resources
2020-08-28 17:42:24,508 [Worker-56: Building] INFO  o.e.m.c.i.embedder.EclipseLogger - Using 'UTF-8' encoding to copy filtered resources.
2020-08-28 17:42:24,508 [Worker-56: Building] INFO  o.e.m.c.i.embedder.EclipseLogger - skip non existing resourceDirectory D:\javaweb\명함관리프로그램(JDBC)\BusinessCard\src\test\resources
2020-08-28 17:42:56,700 [Worker-51: Building] INFO  o.e.m.c.i.embedder.EclipseLogger - Using 'UTF-8' encoding to copy filtered resources.
2020-08-28 17:42:56,700 [Worker-51: Building] INFO  o.e.m.c.i.embedder.EclipseLogger - skip non existing resourceDirectory D:\javaweb\명함관리프로그램(JDBC)\BusinessCard\src\main\resources
2020-08-28 17:42:56,701 [Worker-51: Building] INFO  o.e.m.c.i.embedder.EclipseLogger - Using 'UTF-8' encoding to copy filtered resources.
2020-08-28 17:42:56,701 [Worker-51: Building] INFO  o.e.m.c.i.embedder.EclipseLogger - skip non existing resourceDirectory D:\javaweb\명함관리프로그램(JDBC)\BusinessCard\src\test\resources
2020-08-28 17:44:55,738 [Worker-52: Building] INFO  o.e.m.c.i.embedder.EclipseLogger - Using 'UTF-8' encoding to copy filtered resources.
2020-08-28 17:44:55,738 [Worker-52: Building] INFO  o.e.m.c.i.embedder.EclipseLogger - skip non existing resourceDirectory D:\javaweb\명함관리프로그램(JDBC)\BusinessCard\src\main\resources
2020-08-28 17:44:55,738 [Worker-52: Building] INFO  o.e.m.c.i.embedder.EclipseLogger - Using 'UTF-8' encoding to copy filtered resources.
2020-08-28 17:44:55,739 [Worker-52: Building] INFO  o.e.m.c.i.embedder.EclipseLogger - skip non existing resourceDirectory D:\javaweb\명함관리프로그램(JDBC)\BusinessCard\src\test\resources
2020-08-28 17:45:00,406 [Worker-55: Building] INFO  o.e.m.c.i.embedder.EclipseLogger - Using 'UTF-8' encoding to copy filtered resources.
2020-08-28 17:45:00,406 [Worker-55: Building] INFO  o.e.m.c.i.embedder.EclipseLogger - skip non existing resourceDirectory D:\javaweb\명함관리프로그램(JDBC)\BusinessCard\src\main\resources
2020-08-28 17:45:00,407 [Worker-55: Building] INFO  o.e.m.c.i.embedder.EclipseLogger - Using 'UTF-8' encoding to copy filtered resources.
2020-08-28 17:45:00,407 [Worker-55: Building] INFO  o.e.m.c.i.embedder.EclipseLogger - skip non existing resourceDirectory D:\javaweb\명함관리프로그램(JDBC)\BusinessCard\src\test\resources
2020-08-28 17:45:21,594 [Worker-51: Building] INFO  o.e.m.c.i.embedder.EclipseLogger - Using 'UTF-8' encoding to copy filtered resources.
2020-08-28 17:45:21,594 [Worker-51: Building] INFO  o.e.m.c.i.embedder.EclipseLogger - skip non existing resourceDirectory D:\javaweb\명함관리프로그램(JDBC)\BusinessCard\src\main\resources
2020-08-28 17:45:21,594 [Worker-51: Building] INFO  o.e.m.c.i.embedder.EclipseLogger - Using 'UTF-8' encoding to copy filtered resources.
2020-08-28 17:45:21,595 [Worker-51: Building] INFO  o.e.m.c.i.embedder.EclipseLogger - skip non existing resourceDirectory D:\javaweb\명함관리프로그램(JDBC)\BusinessCard\src\test\resources
2020-08-28 17:45:40,258 [Worker-48: Building] INFO  o.e.m.c.i.embedder.EclipseLogger - Using 'UTF-8' encoding to copy filtered resources.
2020-08-28 17:45:40,259 [Worker-48: Building] INFO  o.e.m.c.i.embedder.EclipseLogger - skip non existing resourceDirectory D:\javaweb\명함관리프로그램(JDBC)\BusinessCard\src\main\resources
2020-08-28 17:45:40,259 [Worker-48: Building] INFO  o.e.m.c.i.embedder.EclipseLogger - Using 'UTF-8' encoding to copy filtered resources.
2020-08-28 17:45:40,259 [Worker-48: Building] INFO  o.e.m.c.i.embedder.EclipseLogger - skip non existing resourceDirectory D:\javaweb\명함관리프로그램(JDBC)\BusinessCard\src\test\resources
2020-08-28 17:46:01,300 [Worker-52: Building] INFO  o.e.m.c.i.embedder.EclipseLogger - Using 'UTF-8' encoding to copy filtered resources.
2020-08-28 17:46:01,300 [Worker-52: Building] INFO  o.e.m.c.i.embedder.EclipseLogger - skip non existing resourceDirectory D:\javaweb\명함관리프로그램(JDBC)\BusinessCard\src\main\resources
2020-08-28 17:46:01,301 [Worker-52: Building] INFO  o.e.m.c.i.embedder.EclipseLogger - Using 'UTF-8' encoding to copy filtered resources.
2020-08-28 17:46:01,301 [Worker-52: Building] INFO  o.e.m.c.i.embedder.EclipseLogger - skip non existing resourceDirectory D:\javaweb\명함관리프로그램(JDBC)\BusinessCard\src\test\resources
2020-08-28 17:46:08,851 [Worker-51: Building] INFO  o.e.m.c.i.embedder.EclipseLogger - Using 'UTF-8' encoding to copy filtered resources.
2020-08-28 17:46:08,851 [Worker-51: Building] INFO  o.e.m.c.i.embedder.EclipseLogger - skip non existing resourceDirectory D:\javaweb\명함관리프로그램(JDBC)\BusinessCard\src\main\resources
2020-08-28 17:46:08,852 [Worker-51: Building] INFO  o.e.m.c.i.embedder.EclipseLogger - Using 'UTF-8' encoding to copy filtered resources.
2020-08-28 17:46:08,852 [Worker-51: Building] INFO  o.e.m.c.i.embedder.EclipseLogger - skip non existing resourceDirectory D:\javaweb\명함관리프로그램(JDBC)\BusinessCard\src\test\resources
2020-08-28 17:46:13,173 [Worker-53: Building] INFO  o.e.m.c.i.embedder.EclipseLogger - Using 'UTF-8' encoding to copy filtered resources.
2020-08-28 17:46:13,173 [Worker-53: Building] INFO  o.e.m.c.i.embedder.EclipseLogger - skip non existing resourceDirectory D:\javaweb\명함관리프로그램(JDBC)\BusinessCard\src\main\resources
2020-08-28 17:46:13,174 [Worker-53: Building] INFO  o.e.m.c.i.embedder.EclipseLogger - Using 'UTF-8' encoding to copy filtered resources.
2020-08-28 17:46:13,174 [Worker-53: Building] INFO  o.e.m.c.i.embedder.EclipseLogger - skip non existing resourceDirectory D:\javaweb\명함관리프로그램(JDBC)\BusinessCard\src\test\resources
2020-08-28 17:46:32,148 [Worker-52: Building] INFO  o.e.m.c.i.embedder.EclipseLogger - Using 'UTF-8' encoding to copy filtered resources.
2020-08-28 17:46:32,148 [Worker-52: Building] INFO  o.e.m.c.i.embedder.EclipseLogger - skip non existing resourceDirectory D:\javaweb\명함관리프로그램(JDBC)\BusinessCard\src\main\resources
2020-08-28 17:46:32,149 [Worker-52: Building] INFO  o.e.m.c.i.embedder.EclipseLogger - Using 'UTF-8' encoding to copy filtered resources.
2020-08-28 17:46:32,149 [Worker-52: Building] INFO  o.e.m.c.i.embedder.EclipseLogger - skip non existing resourceDirectory D:\javaweb\명함관리프로그램(JDBC)\BusinessCard\src\test\resources
2020-08-28 17:47:02,151 [Worker-53: Building] INFO  o.e.m.c.i.embedder.EclipseLogger - Using 'UTF-8' encoding to copy filtered resources.
2020-08-28 17:47:02,151 [Worker-53: Building] INFO  o.e.m.c.i.embedder.EclipseLogger - skip non existing resourceDirectory D:\javaweb\명함관리프로그램(JDBC)\BusinessCard\src\main\resources
2020-08-28 17:47:02,151 [Worker-53: Building] INFO  o.e.m.c.i.embedder.EclipseLogger - Using 'UTF-8' encoding to copy filtered resources.
2020-08-28 17:47:02,152 [Worker-53: Building] INFO  o.e.m.c.i.embedder.EclipseLogger - skip non existing resourceDirectory D:\javaweb\명함관리프로그램(JDBC)\BusinessCard\src\test\resources
2020-08-28 17:47:08,395 [Worker-48: Building] INFO  o.e.m.c.i.embedder.EclipseLogger - Using 'UTF-8' encoding to copy filtered resources.
2020-08-28 17:47:08,395 [Worker-48: Building] INFO  o.e.m.c.i.embedder.EclipseLogger - skip non existing resourceDirectory D:\javaweb\명함관리프로그램(JDBC)\BusinessCard\src\main\resources
2020-08-28 17:47:08,395 [Worker-48: Building] INFO  o.e.m.c.i.embedder.EclipseLogger - Using 'UTF-8' encoding to copy filtered resources.
2020-08-28 17:47:08,396 [Worker-48: Building] INFO  o.e.m.c.i.embedder.EclipseLogger - skip non existing resourceDirectory D:\javaweb\명함관리프로그램(JDBC)\BusinessCard\src\test\resources
2020-08-28 17:47:27,053 [Worker-55: Building] INFO  o.e.m.c.i.embedder.EclipseLogger - Using 'UTF-8' encoding to copy filtered resources.
2020-08-28 17:47:27,053 [Worker-55: Building] INFO  o.e.m.c.i.embedder.EclipseLogger - skip non existing resourceDirectory D:\javaweb\명함관리프로그램(JDBC)\BusinessCard\src\main\resources
2020-08-28 17:47:27,054 [Worker-55: Building] INFO  o.e.m.c.i.embedder.EclipseLogger - Using 'UTF-8' encoding to copy filtered resources.
2020-08-28 17:47:27,054 [Worker-55: Building] INFO  o.e.m.c.i.embedder.EclipseLogger - skip non existing resourceDirectory D:\javaweb\명함관리프로그램(JDBC)\BusinessCard\src\test\resources
2020-08-28 17:47:30,465 [Worker-54: Building] INFO  o.e.m.c.i.embedder.EclipseLogger - Using 'UTF-8' encoding to copy filtered resources.
2020-08-28 17:47:30,465 [Worker-54: Building] INFO  o.e.m.c.i.embedder.EclipseLogger - skip non existing resourceDirectory D:\javaweb\명함관리프로그램(JDBC)\BusinessCard\src\main\resources
2020-08-28 17:47:30,465 [Worker-54: Building] INFO  o.e.m.c.i.embedder.EclipseLogger - Using 'UTF-8' encoding to copy filtered resources.
2020-08-28 17:47:30,465 [Worker-54: Building] INFO  o.e.m.c.i.embedder.EclipseLogger - skip non existing resourceDirectory D:\javaweb\명함관리프로그램(JDBC)\BusinessCard\src\test\resources
2020-08-28 17:47:42,531 [Worker-54: Building] INFO  o.e.m.c.i.embedder.EclipseLogger - Using 'UTF-8' encoding to copy filtered resources.
2020-08-28 17:47:42,531 [Worker-54: Building] INFO  o.e.m.c.i.embedder.EclipseLogger - skip non existing resourceDirectory D:\javaweb\명함관리프로그램(JDBC)\BusinessCard\src\main\resources
2020-08-28 17:47:42,532 [Worker-54: Building] INFO  o.e.m.c.i.embedder.EclipseLogger - Using 'UTF-8' encoding to copy filtered resources.
2020-08-28 17:47:42,532 [Worker-54: Building] INFO  o.e.m.c.i.embedder.EclipseLogger - skip non existing resourceDirectory D:\javaweb\명함관리프로그램(JDBC)\BusinessCard\src\test\resources
2020-08-28 17:48:21,974 [Worker-55: Building] INFO  o.e.m.c.i.embedder.EclipseLogger - Using 'UTF-8' encoding to copy filtered resources.
2020-08-28 17:48:21,975 [Worker-55: Building] INFO  o.e.m.c.i.embedder.EclipseLogger - skip non existing resourceDirectory D:\javaweb\명함관리프로그램(JDBC)\BusinessCard\src\main\resources
2020-08-28 17:48:21,975 [Worker-55: Building] INFO  o.e.m.c.i.embedder.EclipseLogger - Using 'UTF-8' encoding to copy filtered resources.
2020-08-28 17:48:21,975 [Worker-55: Building] INFO  o.e.m.c.i.embedder.EclipseLogger - skip non existing resourceDirectory D:\javaweb\명함관리프로그램(JDBC)\BusinessCard\src\test\resources
2020-08-28 17:48:31,783 [Worker-54: Building] INFO  o.e.m.c.i.embedder.EclipseLogger - Using 'UTF-8' encoding to copy filtered resources.
2020-08-28 17:48:31,784 [Worker-54: Building] INFO  o.e.m.c.i.embedder.EclipseLogger - skip non existing resourceDirectory D:\javaweb\명함관리프로그램(JDBC)\BusinessCard\src\main\resources
2020-08-28 17:48:31,784 [Worker-54: Building] INFO  o.e.m.c.i.embedder.EclipseLogger - Using 'UTF-8' encoding to copy filtered resources.
2020-08-28 17:48:31,785 [Worker-54: Building] INFO  o.e.m.c.i.embedder.EclipseLogger - skip non existing resourceDirectory D:\javaweb\명함관리프로그램(JDBC)\BusinessCard\src\test\resources
2020-08-28 18:15:39,089 [Worker-62: Building] INFO  o.e.m.c.i.embedder.EclipseLogger - Using 'UTF-8' encoding to copy filtered resources.
2020-08-28 18:15:39,090 [Worker-62: Building] INFO  o.e.m.c.i.embedder.EclipseLogger - skip non existing resourceDirectory D:\javaweb\명함관리프로그램(JDBC)\BusinessCard\src\main\resources
2020-08-28 18:15:39,090 [Worker-62: Building] INFO  o.e.m.c.i.embedder.EclipseLogger - Using 'UTF-8' encoding to copy filtered resources.
2020-08-28 18:15:39,090 [Worker-62: Building] INFO  o.e.m.c.i.embedder.EclipseLogger - skip non existing resourceDirectory D:\javaweb\명함관리프로그램(JDBC)\BusinessCard\src\test\resources
2020-08-28 18:15:42,093 [Worker-66: Building] INFO  o.e.m.c.i.embedder.EclipseLogger - Using 'UTF-8' encoding to copy filtered resources.
2020-08-28 18:15:42,093 [Worker-66: Building] INFO  o.e.m.c.i.embedder.EclipseLogger - skip non existing resourceDirectory D:\javaweb\명함관리프로그램(JDBC)\BusinessCard\src\main\resources
2020-08-28 18:15:42,094 [Worker-66: Building] INFO  o.e.m.c.i.embedder.EclipseLogger - Using 'UTF-8' encoding to copy filtered resources.
2020-08-28 18:15:42,094 [Worker-66: Building] INFO  o.e.m.c.i.embedder.EclipseLogger - skip non existing resourceDirectory D:\javaweb\명함관리프로그램(JDBC)\BusinessCard\src\test\resources
2020-08-28 18:15:59,670 [Worker-62: Building] INFO  o.e.m.c.i.embedder.EclipseLogger - Using 'UTF-8' encoding to copy filtered resources.
2020-08-28 18:15:59,670 [Worker-62: Building] INFO  o.e.m.c.i.embedder.EclipseLogger - skip non existing resourceDirectory D:\javaweb\명함관리프로그램(JDBC)\BusinessCard\src\main\resources
2020-08-28 18:15:59,671 [Worker-62: Building] INFO  o.e.m.c.i.embedder.EclipseLogger - Using 'UTF-8' encoding to copy filtered resources.
2020-08-28 18:15:59,671 [Worker-62: Building] INFO  o.e.m.c.i.embedder.EclipseLogger - skip non existing resourceDirectory D:\javaweb\명함관리프로그램(JDBC)\BusinessCard\src\test\resources
2020-08-28 18:16:01,657 [Worker-68: Building] INFO  o.e.m.c.i.embedder.EclipseLogger - Using 'UTF-8' encoding to copy filtered resources.
2020-08-28 18:16:01,657 [Worker-68: Building] INFO  o.e.m.c.i.embedder.EclipseLogger - skip non existing resourceDirectory D:\javaweb\명함관리프로그램(JDBC)\BusinessCard\src\main\resources
2020-08-28 18:16:01,658 [Worker-68: Building] INFO  o.e.m.c.i.embedder.EclipseLogger - Using 'UTF-8' encoding to copy filtered resources.
2020-08-28 18:16:01,658 [Worker-68: Building] INFO  o.e.m.c.i.embedder.EclipseLogger - skip non existing resourceDirectory D:\javaweb\명함관리프로그램(JDBC)\BusinessCard\src\test\resources
2020-08-28 18:17:50,445 [Worker-65: Building] INFO  o.e.m.c.i.embedder.EclipseLogger - Using 'UTF-8' encoding to copy filtered resources.
2020-08-28 18:17:50,446 [Worker-65: Building] INFO  o.e.m.c.i.embedder.EclipseLogger - skip non existing resourceDirectory D:\javaweb\명함관리프로그램(JDBC)\BusinessCard\src\main\resources
2020-08-28 18:17:50,446 [Worker-65: Building] INFO  o.e.m.c.i.embedder.EclipseLogger - Using 'UTF-8' encoding to copy filtered resources.
2020-08-28 18:17:50,446 [Worker-65: Building] INFO  o.e.m.c.i.embedder.EclipseLogger - skip non existing resourceDirectory D:\javaweb\명함관리프로그램(JDBC)\BusinessCard\src\test\resources
2020-08-28 18:18:02,815 [Worker-64: Building] INFO  o.e.m.c.i.embedder.EclipseLogger - Using 'UTF-8' encoding to copy filtered resources.
2020-08-28 18:18:02,815 [Worker-64: Building] INFO  o.e.m.c.i.embedder.EclipseLogger - skip non existing resourceDirectory D:\javaweb\명함관리프로그램(JDBC)\BusinessCard\src\main\resources
2020-08-28 18:18:02,815 [Worker-64: Building] INFO  o.e.m.c.i.embedder.EclipseLogger - Using 'UTF-8' encoding to copy filtered resources.
2020-08-28 18:18:02,815 [Worker-64: Building] INFO  o.e.m.c.i.embedder.EclipseLogger - skip non existing resourceDirectory D:\javaweb\명함관리프로그램(JDBC)\BusinessCard\src\test\resources
2020-08-28 18:19:02,603 [Worker-66: Building] INFO  o.e.m.c.i.embedder.EclipseLogger - Using 'UTF-8' encoding to copy filtered resources.
2020-08-28 18:19:02,604 [Worker-66: Building] INFO  o.e.m.c.i.embedder.EclipseLogger - skip non existing resourceDirectory D:\javaweb\명함관리프로그램(JDBC)\BusinessCard\src\main\resources
2020-08-28 18:19:02,604 [Worker-66: Building] INFO  o.e.m.c.i.embedder.EclipseLogger - Using 'UTF-8' encoding to copy filtered resources.
2020-08-28 18:19:02,604 [Worker-66: Building] INFO  o.e.m.c.i.embedder.EclipseLogger - skip non existing resourceDirectory D:\javaweb\명함관리프로그램(JDBC)\BusinessCard\src\test\resources
2020-08-28 18:19:06,682 [Worker-66: Building] INFO  o.e.m.c.i.embedder.EclipseLogger - Using 'UTF-8' encoding to copy filtered resources.
2020-08-28 18:19:06,682 [Worker-66: Building] INFO  o.e.m.c.i.embedder.EclipseLogger - skip non existing resourceDirectory D:\javaweb\명함관리프로그램(JDBC)\BusinessCard\src\main\resources
2020-08-28 18:19:06,683 [Worker-66: Building] INFO  o.e.m.c.i.embedder.EclipseLogger - Using 'UTF-8' encoding to copy filtered resources.
2020-08-28 18:19:06,683 [Worker-66: Building] INFO  o.e.m.c.i.embedder.EclipseLogger - skip non existing resourceDirectory D:\javaweb\명함관리프로그램(JDBC)\BusinessCard\src\test\resources
2020-08-28 18:20:18,431 [Worker-67: Building] INFO  o.e.m.c.i.embedder.EclipseLogger - Using 'UTF-8' encoding to copy filtered resources.
2020-08-28 18:20:18,431 [Worker-67: Building] INFO  o.e.m.c.i.embedder.EclipseLogger - skip non existing resourceDirectory D:\javaweb\명함관리프로그램(JDBC)\BusinessCard\src\main\resources
2020-08-28 18:20:18,432 [Worker-67: Building] INFO  o.e.m.c.i.embedder.EclipseLogger - Using 'UTF-8' encoding to copy filtered resources.
2020-08-28 18:20:18,432 [Worker-67: Building] INFO  o.e.m.c.i.embedder.EclipseLogger - skip non existing resourceDirectory D:\javaweb\명함관리프로그램(JDBC)\BusinessCard\src\test\resources
2020-08-28 18:20:36,944 [Worker-69: Building] INFO  o.e.m.c.i.embedder.EclipseLogger - Using 'UTF-8' encoding to copy filtered resources.
2020-08-28 18:20:36,945 [Worker-69: Building] INFO  o.e.m.c.i.embedder.EclipseLogger - skip non existing resourceDirectory D:\javaweb\명함관리프로그램(JDBC)\BusinessCard\src\main\resources
2020-08-28 18:20:36,945 [Worker-69: Building] INFO  o.e.m.c.i.embedder.EclipseLogger - Using 'UTF-8' encoding to copy filtered resources.
2020-08-28 18:20:36,945 [Worker-69: Building] INFO  o.e.m.c.i.embedder.EclipseLogger - skip non existing resourceDirectory D:\javaweb\명함관리프로그램(JDBC)\BusinessCard\src\test\resources
2020-08-28 18:20:44,709 [Worker-67: Building] INFO  o.e.m.c.i.embedder.EclipseLogger - Using 'UTF-8' encoding to copy filtered resources.
2020-08-28 18:20:44,709 [Worker-67: Building] INFO  o.e.m.c.i.embedder.EclipseLogger - skip non existing resourceDirectory D:\javaweb\명함관리프로그램(JDBC)\BusinessCard\src\main\resources
2020-08-28 18:20:44,709 [Worker-67: Building] INFO  o.e.m.c.i.embedder.EclipseLogger - Using 'UTF-8' encoding to copy filtered resources.
2020-08-28 18:20:44,709 [Worker-67: Building] INFO  o.e.m.c.i.embedder.EclipseLogger - skip non existing resourceDirectory D:\javaweb\명함관리프로그램(JDBC)\BusinessCard\src\test\resources
2020-08-28 18:21:35,211 [Worker-64: Building] INFO  o.e.m.c.i.embedder.EclipseLogger - Using 'UTF-8' encoding to copy filtered resources.
2020-08-28 18:21:35,211 [Worker-64: Building] INFO  o.e.m.c.i.embedder.EclipseLogger - skip non existing resourceDirectory D:\javaweb\명함관리프로그램(JDBC)\BusinessCard\src\main\resources
2020-08-28 18:21:35,212 [Worker-64: Building] INFO  o.e.m.c.i.embedder.EclipseLogger - Using 'UTF-8' encoding to copy filtered resources.
2020-08-28 18:21:35,212 [Worker-64: Building] INFO  o.e.m.c.i.embedder.EclipseLogger - skip non existing resourceDirectory D:\javaweb\명함관리프로그램(JDBC)\BusinessCard\src\test\resources
2020-08-28 18:21:47,156 [Worker-66: Building] INFO  o.e.m.c.i.embedder.EclipseLogger - Using 'UTF-8' encoding to copy filtered resources.
2020-08-28 18:21:47,156 [Worker-66: Building] INFO  o.e.m.c.i.embedder.EclipseLogger - skip non existing resourceDirectory D:\javaweb\명함관리프로그램(JDBC)\BusinessCard\src\main\resources
2020-08-28 18:21:47,157 [Worker-66: Building] INFO  o.e.m.c.i.embedder.EclipseLogger - Using 'UTF-8' encoding to copy filtered resources.
2020-08-28 18:21:47,157 [Worker-66: Building] INFO  o.e.m.c.i.embedder.EclipseLogger - skip non existing resourceDirectory D:\javaweb\명함관리프로그램(JDBC)\BusinessCard\src\test\resources
2020-08-28 18:22:06,917 [Worker-65: Building] INFO  o.e.m.c.i.embedder.EclipseLogger - Using 'UTF-8' encoding to copy filtered resources.
2020-08-28 18:22:06,917 [Worker-65: Building] INFO  o.e.m.c.i.embedder.EclipseLogger - skip non existing resourceDirectory D:\javaweb\명함관리프로그램(JDBC)\BusinessCard\src\main\resources
2020-08-28 18:22:06,917 [Worker-65: Building] INFO  o.e.m.c.i.embedder.EclipseLogger - Using 'UTF-8' encoding to copy filtered resources.
2020-08-28 18:22:06,917 [Worker-65: Building] INFO  o.e.m.c.i.embedder.EclipseLogger - skip non existing resourceDirectory D:\javaweb\명함관리프로그램(JDBC)\BusinessCard\src\test\resources
2020-08-28 18:24:40,204 [Worker-71: Building] INFO  o.e.m.c.i.embedder.EclipseLogger - Using 'UTF-8' encoding to copy filtered resources.
2020-08-28 18:24:40,205 [Worker-71: Building] INFO  o.e.m.c.i.embedder.EclipseLogger - skip non existing resourceDirectory D:\javaweb\명함관리프로그램(JDBC)\BusinessCard\src\main\resources
2020-08-28 18:24:40,205 [Worker-71: Building] INFO  o.e.m.c.i.embedder.EclipseLogger - Using 'UTF-8' encoding to copy filtered resources.
2020-08-28 18:24:40,205 [Worker-71: Building] INFO  o.e.m.c.i.embedder.EclipseLogger - skip non existing resourceDirectory D:\javaweb\명함관리프로그램(JDBC)\BusinessCard\src\test\resources
2020-08-28 18:24:52,364 [Worker-65: Building] INFO  o.e.m.c.i.embedder.EclipseLogger - Using 'UTF-8' encoding to copy filtered resources.
2020-08-28 18:24:52,364 [Worker-65: Building] INFO  o.e.m.c.i.embedder.EclipseLogger - skip non existing resourceDirectory D:\javaweb\명함관리프로그램(JDBC)\BusinessCard\src\main\resources
2020-08-28 18:24:52,365 [Worker-65: Building] INFO  o.e.m.c.i.embedder.EclipseLogger - Using 'UTF-8' encoding to copy filtered resources.
2020-08-28 18:24:52,365 [Worker-65: Building] INFO  o.e.m.c.i.embedder.EclipseLogger - skip non existing resourceDirectory D:\javaweb\명함관리프로그램(JDBC)\BusinessCard\src\test\resources
2020-08-28 18:25:31,599 [Worker-73: Building] INFO  o.e.m.c.i.embedder.EclipseLogger - Using 'UTF-8' encoding to copy filtered resources.
2020-08-28 18:25:31,599 [Worker-73: Building] INFO  o.e.m.c.i.embedder.EclipseLogger - skip non existing resourceDirectory D:\javaweb\명함관리프로그램(JDBC)\BusinessCard\src\main\resources
2020-08-28 18:25:31,599 [Worker-73: Building] INFO  o.e.m.c.i.embedder.EclipseLogger - Using 'UTF-8' encoding to copy filtered resources.
2020-08-28 18:25:31,599 [Worker-73: Building] INFO  o.e.m.c.i.embedder.EclipseLogger - skip non existing resourceDirectory D:\javaweb\명함관리프로그램(JDBC)\BusinessCard\src\test\resources
2020-08-28 18:25:36,879 [Worker-74: Building] INFO  o.e.m.c.i.embedder.EclipseLogger - Using 'UTF-8' encoding to copy filtered resources.
2020-08-28 18:25:36,879 [Worker-74: Building] INFO  o.e.m.c.i.embedder.EclipseLogger - skip non existing resourceDirectory D:\javaweb\명함관리프로그램(JDBC)\BusinessCard\src\main\resources
2020-08-28 18:25:36,879 [Worker-74: Building] INFO  o.e.m.c.i.embedder.EclipseLogger - Using 'UTF-8' encoding to copy filtered resources.
2020-08-28 18:25:36,880 [Worker-74: Building] INFO  o.e.m.c.i.embedder.EclipseLogger - skip non existing resourceDirectory D:\javaweb\명함관리프로그램(JDBC)\BusinessCard\src\test\resources
2020-08-28 18:26:29,996 [Worker-73: Building] INFO  o.e.m.c.i.embedder.EclipseLogger - Using 'UTF-8' encoding to copy filtered resources.
2020-08-28 18:26:29,996 [Worker-73: Building] INFO  o.e.m.c.i.embedder.EclipseLogger - skip non existing resourceDirectory D:\javaweb\명함관리프로그램(JDBC)\BusinessCard\src\main\resources
2020-08-28 18:26:29,997 [Worker-73: Building] INFO  o.e.m.c.i.embedder.EclipseLogger - Using 'UTF-8' encoding to copy filtered resources.
2020-08-28 18:26:29,997 [Worker-73: Building] INFO  o.e.m.c.i.embedder.EclipseLogger - skip non existing resourceDirectory D:\javaweb\명함관리프로그램(JDBC)\BusinessCard\src\test\resources
2020-08-28 18:27:11,196 [Worker-74: Building] INFO  o.e.m.c.i.embedder.EclipseLogger - Using 'UTF-8' encoding to copy filtered resources.
2020-08-28 18:27:11,197 [Worker-74: Building] INFO  o.e.m.c.i.embedder.EclipseLogger - skip non existing resourceDirectory D:\javaweb\명함관리프로그램(JDBC)\BusinessCard\src\main\resources
2020-08-28 18:27:11,197 [Worker-74: Building] INFO  o.e.m.c.i.embedder.EclipseLogger - Using 'UTF-8' encoding to copy filtered resources.
2020-08-28 18:27:11,197 [Worker-74: Building] INFO  o.e.m.c.i.embedder.EclipseLogger - skip non existing resourceDirectory D:\javaweb\명함관리프로그램(JDBC)\BusinessCard\src\test\resources
2020-08-28 18:29:23,929 [Worker-74: Building] INFO  o.e.m.c.i.embedder.EclipseLogger - Using 'UTF-8' encoding to copy filtered resources.
2020-08-28 18:29:23,930 [Worker-74: Building] INFO  o.e.m.c.i.embedder.EclipseLogger - skip non existing resourceDirectory D:\javaweb\명함관리프로그램(JDBC)\BusinessCard\src\main\resources
2020-08-28 18:29:23,930 [Worker-74: Building] INFO  o.e.m.c.i.embedder.EclipseLogger - Using 'UTF-8' encoding to copy filtered resources.
2020-08-28 18:29:23,930 [Worker-74: Building] INFO  o.e.m.c.i.embedder.EclipseLogger - skip non existing resourceDirectory D:\javaweb\명함관리프로그램(JDBC)\BusinessCard\src\test\resources
2020-08-28 18:29:28,052 [Worker-74: Building] INFO  o.e.m.c.i.embedder.EclipseLogger - Using 'UTF-8' encoding to copy filtered resources.
2020-08-28 18:29:28,054 [Worker-74: Building] INFO  o.e.m.c.i.embedder.EclipseLogger - skip non existing resourceDirectory D:\javaweb\명함관리프로그램(JDBC)\BusinessCard\src\main\resources
2020-08-28 18:29:28,054 [Worker-74: Building] INFO  o.e.m.c.i.embedder.EclipseLogger - Using 'UTF-8' encoding to copy filtered resources.
2020-08-28 18:29:28,054 [Worker-74: Building] INFO  o.e.m.c.i.embedder.EclipseLogger - skip non existing resourceDirectory D:\javaweb\명함관리프로그램(JDBC)\BusinessCard\src\test\resources
2020-08-28 18:29:34,261 [Worker-76: Building] INFO  o.e.m.c.i.embedder.EclipseLogger - Using 'UTF-8' encoding to copy filtered resources.
2020-08-28 18:29:34,261 [Worker-76: Building] INFO  o.e.m.c.i.embedder.EclipseLogger - skip non existing resourceDirectory D:\javaweb\명함관리프로그램(JDBC)\BusinessCard\src\main\resources
2020-08-28 18:29:34,262 [Worker-76: Building] INFO  o.e.m.c.i.embedder.EclipseLogger - Using 'UTF-8' encoding to copy filtered resources.
2020-08-28 18:29:34,262 [Worker-76: Building] INFO  o.e.m.c.i.embedder.EclipseLogger - skip non existing resourceDirectory D:\javaweb\명함관리프로그램(JDBC)\BusinessCard\src\test\resources
2020-08-28 18:33:00,281 [Worker-81: Building] INFO  o.e.m.c.i.embedder.EclipseLogger - Using 'UTF-8' encoding to copy filtered resources.
2020-08-28 18:33:00,281 [Worker-81: Building] INFO  o.e.m.c.i.embedder.EclipseLogger - skip non existing resourceDirectory D:\javaweb\명함관리프로그램(JDBC)\BusinessCard\src\main\resources
2020-08-28 18:33:00,282 [Worker-81: Building] INFO  o.e.m.c.i.embedder.EclipseLogger - Using 'UTF-8' encoding to copy filtered resources.
2020-08-28 18:33:00,282 [Worker-81: Building] INFO  o.e.m.c.i.embedder.EclipseLogger - skip non existing resourceDirectory D:\javaweb\명함관리프로그램(JDBC)\BusinessCard\src\test\resources
2020-08-28 18:34:30,836 [Worker-77: Building] INFO  o.e.m.c.i.embedder.EclipseLogger - Using 'UTF-8' encoding to copy filtered resources.
2020-08-28 18:34:30,836 [Worker-77: Building] INFO  o.e.m.c.i.embedder.EclipseLogger - skip non existing resourceDirectory D:\javaweb\명함관리프로그램(JDBC)\BusinessCard\src\main\resources
2020-08-28 18:34:30,837 [Worker-77: Building] INFO  o.e.m.c.i.embedder.EclipseLogger - Using 'UTF-8' encoding to copy filtered resources.
2020-08-28 18:34:30,837 [Worker-77: Building] INFO  o.e.m.c.i.embedder.EclipseLogger - skip non existing resourceDirectory D:\javaweb\명함관리프로그램(JDBC)\BusinessCard\src\test\resources
2020-08-28 18:34:35,325 [Worker-77: Building] INFO  o.e.m.c.i.embedder.EclipseLogger - Using 'UTF-8' encoding to copy filtered resources.
2020-08-28 18:34:35,325 [Worker-77: Building] INFO  o.e.m.c.i.embedder.EclipseLogger - skip non existing resourceDirectory D:\javaweb\명함관리프로그램(JDBC)\BusinessCard\src\main\resources
2020-08-28 18:34:35,326 [Worker-77: Building] INFO  o.e.m.c.i.embedder.EclipseLogger - Using 'UTF-8' encoding to copy filtered resources.
2020-08-28 18:34:35,326 [Worker-77: Building] INFO  o.e.m.c.i.embedder.EclipseLogger - skip non existing resourceDirectory D:\javaweb\명함관리프로그램(JDBC)\BusinessCard\src\test\resources
2020-08-28 18:36:56,099 [Worker-77: Building] INFO  o.e.m.c.i.embedder.EclipseLogger - Using 'UTF-8' encoding to copy filtered resources.
2020-08-28 18:36:56,099 [Worker-77: Building] INFO  o.e.m.c.i.embedder.EclipseLogger - skip non existing resourceDirectory D:\javaweb\명함관리프로그램(JDBC)\BusinessCard\src\main\resources
2020-08-28 18:36:56,100 [Worker-77: Building] INFO  o.e.m.c.i.embedder.EclipseLogger - Using 'UTF-8' encoding to copy filtered resources.
2020-08-28 18:36:56,100 [Worker-77: Building] INFO  o.e.m.c.i.embedder.EclipseLogger - skip non existing resourceDirectory D:\javaweb\명함관리프로그램(JDBC)\BusinessCard\src\test\resources
2020-08-28 18:37:06,758 [Worker-81: Building] INFO  o.e.m.c.i.embedder.EclipseLogger - Using 'UTF-8' encoding to copy filtered resources.
2020-08-28 18:37:06,758 [Worker-81: Building] INFO  o.e.m.c.i.embedder.EclipseLogger - skip non existing resourceDirectory D:\javaweb\명함관리프로그램(JDBC)\BusinessCard\src\main\resources
2020-08-28 18:37:06,759 [Worker-81: Building] INFO  o.e.m.c.i.embedder.EclipseLogger - Using 'UTF-8' encoding to copy filtered resources.
2020-08-28 18:37:06,759 [Worker-81: Building] INFO  o.e.m.c.i.embedder.EclipseLogger - skip non existing resourceDirectory D:\javaweb\명함관리프로그램(JDBC)\BusinessCard\src\test\resources
2020-08-28 18:37:10,696 [Worker-86: Building] INFO  o.e.m.c.i.embedder.EclipseLogger - Using 'UTF-8' encoding to copy filtered resources.
2020-08-28 18:37:10,696 [Worker-86: Building] INFO  o.e.m.c.i.embedder.EclipseLogger - skip non existing resourceDirectory D:\javaweb\명함관리프로그램(JDBC)\BusinessCard\src\main\resources
2020-08-28 18:37:10,696 [Worker-86: Building] INFO  o.e.m.c.i.embedder.EclipseLogger - Using 'UTF-8' encoding to copy filtered resources.
2020-08-28 18:37:10,696 [Worker-86: Building] INFO  o.e.m.c.i.embedder.EclipseLogger - skip non existing resourceDirectory D:\javaweb\명함관리프로그램(JDBC)\BusinessCard\src\test\resources
2020-08-28 18:38:19,402 [Worker-81: Building] INFO  o.e.m.c.i.embedder.EclipseLogger - Using 'UTF-8' encoding to copy filtered resources.
2020-08-28 18:38:19,402 [Worker-81: Building] INFO  o.e.m.c.i.embedder.EclipseLogger - skip non existing resourceDirectory D:\javaweb\명함관리프로그램(JDBC)\BusinessCard\src\main\resources
2020-08-28 18:38:19,403 [Worker-81: Building] INFO  o.e.m.c.i.embedder.EclipseLogger - Using 'UTF-8' encoding to copy filtered resources.
2020-08-28 18:38:19,403 [Worker-81: Building] INFO  o.e.m.c.i.embedder.EclipseLogger - skip non existing resourceDirectory D:\javaweb\명함관리프로그램(JDBC)\BusinessCard\src\test\resources
2020-08-28 18:38:21,650 [Worker-81: Building] INFO  o.e.m.c.i.embedder.EclipseLogger - Using 'UTF-8' encoding to copy filtered resources.
2020-08-28 18:38:21,650 [Worker-81: Building] INFO  o.e.m.c.i.embedder.EclipseLogger - skip non existing resourceDirectory D:\javaweb\명함관리프로그램(JDBC)\BusinessCard\src\main\resources
2020-08-28 18:38:21,650 [Worker-81: Building] INFO  o.e.m.c.i.embedder.EclipseLogger - Using 'UTF-8' encoding to copy filtered resources.
2020-08-28 18:38:21,651 [Worker-81: Building] INFO  o.e.m.c.i.embedder.EclipseLogger - skip non existing resourceDirectory D:\javaweb\명함관리프로그램(JDBC)\BusinessCard\src\test\resources
2020-08-28 18:38:26,754 [Worker-88: Building] INFO  o.e.m.c.i.embedder.EclipseLogger - Using 'UTF-8' encoding to copy filtered resources.
2020-08-28 18:38:26,754 [Worker-88: Building] INFO  o.e.m.c.i.embedder.EclipseLogger - skip non existing resourceDirectory D:\javaweb\명함관리프로그램(JDBC)\BusinessCard\src\main\resources
2020-08-28 18:38:26,755 [Worker-88: Building] INFO  o.e.m.c.i.embedder.EclipseLogger - Using 'UTF-8' encoding to copy filtered resources.
2020-08-28 18:38:26,755 [Worker-88: Building] INFO  o.e.m.c.i.embedder.EclipseLogger - skip non existing resourceDirectory D:\javaweb\명함관리프로그램(JDBC)\BusinessCard\src\test\resources
2020-08-28 18:38:45,927 [Worker-77: Building] INFO  o.e.m.c.i.embedder.EclipseLogger - Using 'UTF-8' encoding to copy filtered resources.
2020-08-28 18:38:45,928 [Worker-77: Building] INFO  o.e.m.c.i.embedder.EclipseLogger - skip non existing resourceDirectory D:\javaweb\명함관리프로그램(JDBC)\BusinessCard\src\main\resources
2020-08-28 18:38:45,928 [Worker-77: Building] INFO  o.e.m.c.i.embedder.EclipseLogger - Using 'UTF-8' encoding to copy filtered resources.
2020-08-28 18:38:45,928 [Worker-77: Building] INFO  o.e.m.c.i.embedder.EclipseLogger - skip non existing resourceDirectory D:\javaweb\명함관리프로그램(JDBC)\BusinessCard\src\test\resources
2020-08-28 18:38:58,877 [Worker-87: Building] INFO  o.e.m.c.i.embedder.EclipseLogger - Using 'UTF-8' encoding to copy filtered resources.
2020-08-28 18:38:58,878 [Worker-87: Building] INFO  o.e.m.c.i.embedder.EclipseLogger - skip non existing resourceDirectory D:\javaweb\명함관리프로그램(JDBC)\BusinessCard\src\main\resources
2020-08-28 18:38:58,878 [Worker-87: Building] INFO  o.e.m.c.i.embedder.EclipseLogger - Using 'UTF-8' encoding to copy filtered resources.
2020-08-28 18:38:58,878 [Worker-87: Building] INFO  o.e.m.c.i.embedder.EclipseLogger - skip non existing resourceDirectory D:\javaweb\명함관리프로그램(JDBC)\BusinessCard\src\test\resources
2020-08-28 18:39:40,655 [Worker-87: Building] INFO  o.e.m.c.i.embedder.EclipseLogger - Using 'UTF-8' encoding to copy filtered resources.
2020-08-28 18:39:40,655 [Worker-87: Building] INFO  o.e.m.c.i.embedder.EclipseLogger - skip non existing resourceDirectory D:\javaweb\명함관리프로그램(JDBC)\BusinessCard\src\main\resources
2020-08-28 18:39:40,656 [Worker-87: Building] INFO  o.e.m.c.i.embedder.EclipseLogger - Using 'UTF-8' encoding to copy filtered resources.
2020-08-28 18:39:40,656 [Worker-87: Building] INFO  o.e.m.c.i.embedder.EclipseLogger - skip non existing resourceDirectory D:\javaweb\명함관리프로그램(JDBC)\BusinessCard\src\test\resources
2020-08-28 18:40:51,135 [Worker-84: Building] INFO  o.e.m.c.i.embedder.EclipseLogger - Using 'UTF-8' encoding to copy filtered resources.
2020-08-28 18:40:51,135 [Worker-84: Building] INFO  o.e.m.c.i.embedder.EclipseLogger - skip non existing resourceDirectory D:\javaweb\명함관리프로그램(JDBC)\BusinessCard\src\main\resources
2020-08-28 18:40:51,135 [Worker-84: Building] INFO  o.e.m.c.i.embedder.EclipseLogger - Using 'UTF-8' encoding to copy filtered resources.
2020-08-28 18:40:51,136 [Worker-84: Building] INFO  o.e.m.c.i.embedder.EclipseLogger - skip non existing resourceDirectory D:\javaweb\명함관리프로그램(JDBC)\BusinessCard\src\test\resources
2020-08-28 18:40:56,921 [Worker-85: Building] INFO  o.e.m.c.i.embedder.EclipseLogger - Using 'UTF-8' encoding to copy filtered resources.
2020-08-28 18:40:56,921 [Worker-85: Building] INFO  o.e.m.c.i.embedder.EclipseLogger - skip non existing resourceDirectory D:\javaweb\명함관리프로그램(JDBC)\BusinessCard\src\main\resources
2020-08-28 18:40:56,921 [Worker-85: Building] INFO  o.e.m.c.i.embedder.EclipseLogger - Using 'UTF-8' encoding to copy filtered resources.
2020-08-28 18:40:56,921 [Worker-85: Building] INFO  o.e.m.c.i.embedder.EclipseLogger - skip non existing resourceDirectory D:\javaweb\명함관리프로그램(JDBC)\BusinessCard\src\test\resources
2020-08-28 18:41:12,510 [Worker-84: Building] INFO  o.e.m.c.i.embedder.EclipseLogger - Using 'UTF-8' encoding to copy filtered resources.
2020-08-28 18:41:12,510 [Worker-84: Building] INFO  o.e.m.c.i.embedder.EclipseLogger - skip non existing resourceDirectory D:\javaweb\명함관리프로그램(JDBC)\BusinessCard\src\main\resources
2020-08-28 18:41:12,511 [Worker-84: Building] INFO  o.e.m.c.i.embedder.EclipseLogger - Using 'UTF-8' encoding to copy filtered resources.
2020-08-28 18:41:12,511 [Worker-84: Building] INFO  o.e.m.c.i.embedder.EclipseLogger - skip non existing resourceDirectory D:\javaweb\명함관리프로그램(JDBC)\BusinessCard\src\test\resources
2020-08-28 18:41:20,441 [Worker-84: Building] INFO  o.e.m.c.i.embedder.EclipseLogger - Using 'UTF-8' encoding to copy filtered resources.
2020-08-28 18:41:20,441 [Worker-84: Building] INFO  o.e.m.c.i.embedder.EclipseLogger - skip non existing resourceDirectory D:\javaweb\명함관리프로그램(JDBC)\BusinessCard\src\main\resources
2020-08-28 18:41:20,442 [Worker-84: Building] INFO  o.e.m.c.i.embedder.EclipseLogger - Using 'UTF-8' encoding to copy filtered resources.
2020-08-28 18:41:20,442 [Worker-84: Building] INFO  o.e.m.c.i.embedder.EclipseLogger - skip non existing resourceDirectory D:\javaweb\명함관리프로그램(JDBC)\BusinessCard\src\test\resources
2020-08-28 18:41:41,818 [Worker-77: Building] INFO  o.e.m.c.i.embedder.EclipseLogger - Using 'UTF-8' encoding to copy filtered resources.
2020-08-28 18:41:41,818 [Worker-77: Building] INFO  o.e.m.c.i.embedder.EclipseLogger - skip non existing resourceDirectory D:\javaweb\명함관리프로그램(JDBC)\BusinessCard\src\main\resources
2020-08-28 18:41:41,819 [Worker-77: Building] INFO  o.e.m.c.i.embedder.EclipseLogger - Using 'UTF-8' encoding to copy filtered resources.
2020-08-28 18:41:41,819 [Worker-77: Building] INFO  o.e.m.c.i.embedder.EclipseLogger - skip non existing resourceDirectory D:\javaweb\명함관리프로그램(JDBC)\BusinessCard\src\test\resources
2020-08-28 18:41:45,726 [Worker-87: Building] INFO  o.e.m.c.i.embedder.EclipseLogger - Using 'UTF-8' encoding to copy filtered resources.
2020-08-28 18:41:45,726 [Worker-87: Building] INFO  o.e.m.c.i.embedder.EclipseLogger - skip non existing resourceDirectory D:\javaweb\명함관리프로그램(JDBC)\BusinessCard\src\main\resources
2020-08-28 18:41:45,726 [Worker-87: Building] INFO  o.e.m.c.i.embedder.EclipseLogger - Using 'UTF-8' encoding to copy filtered resources.
2020-08-28 18:41:45,726 [Worker-87: Building] INFO  o.e.m.c.i.embedder.EclipseLogger - skip non existing resourceDirectory D:\javaweb\명함관리프로그램(JDBC)\BusinessCard\src\test\resources
2020-08-28 18:41:49,224 [Worker-84: Building] INFO  o.e.m.c.i.embedder.EclipseLogger - Using 'UTF-8' encoding to copy filtered resources.
2020-08-28 18:41:49,224 [Worker-84: Building] INFO  o.e.m.c.i.embedder.EclipseLogger - skip non existing resourceDirectory D:\javaweb\명함관리프로그램(JDBC)\BusinessCard\src\main\resources
2020-08-28 18:41:49,225 [Worker-84: Building] INFO  o.e.m.c.i.embedder.EclipseLogger - Using 'UTF-8' encoding to copy filtered resources.
2020-08-28 18:41:49,225 [Worker-84: Building] INFO  o.e.m.c.i.embedder.EclipseLogger - skip non existing resourceDirectory D:\javaweb\명함관리프로그램(JDBC)\BusinessCard\src\test\resources
2020-08-28 18:42:20,703 [Worker-88: Building] INFO  o.e.m.c.i.embedder.EclipseLogger - Using 'UTF-8' encoding to copy filtered resources.
2020-08-28 18:42:20,703 [Worker-88: Building] INFO  o.e.m.c.i.embedder.EclipseLogger - skip non existing resourceDirectory D:\javaweb\명함관리프로그램(JDBC)\BusinessCard\src\main\resources
2020-08-28 18:42:20,703 [Worker-88: Building] INFO  o.e.m.c.i.embedder.EclipseLogger - Using 'UTF-8' encoding to copy filtered resources.
2020-08-28 18:42:20,704 [Worker-88: Building] INFO  o.e.m.c.i.embedder.EclipseLogger - skip non existing resourceDirectory D:\javaweb\명함관리프로그램(JDBC)\BusinessCard\src\test\resources
2020-08-28 18:42:26,174 [Worker-88: Building] INFO  o.e.m.c.i.embedder.EclipseLogger - Using 'UTF-8' encoding to copy filtered resources.
2020-08-28 18:42:26,174 [Worker-88: Building] INFO  o.e.m.c.i.embedder.EclipseLogger - skip non existing resourceDirectory D:\javaweb\명함관리프로그램(JDBC)\BusinessCard\src\main\resources
2020-08-28 18:42:26,174 [Worker-88: Building] INFO  o.e.m.c.i.embedder.EclipseLogger - Using 'UTF-8' encoding to copy filtered resources.
2020-08-28 18:42:26,174 [Worker-88: Building] INFO  o.e.m.c.i.embedder.EclipseLogger - skip non existing resourceDirectory D:\javaweb\명함관리프로그램(JDBC)\BusinessCard\src\test\resources
2020-08-28 18:42:41,599 [Worker-88: Building] INFO  o.e.m.c.i.embedder.EclipseLogger - Using 'UTF-8' encoding to copy filtered resources.
2020-08-28 18:42:41,599 [Worker-88: Building] INFO  o.e.m.c.i.embedder.EclipseLogger - skip non existing resourceDirectory D:\javaweb\명함관리프로그램(JDBC)\BusinessCard\src\main\resources
2020-08-28 18:42:41,600 [Worker-88: Building] INFO  o.e.m.c.i.embedder.EclipseLogger - Using 'UTF-8' encoding to copy filtered resources.
2020-08-28 18:42:41,600 [Worker-88: Building] INFO  o.e.m.c.i.embedder.EclipseLogger - skip non existing resourceDirectory D:\javaweb\명함관리프로그램(JDBC)\BusinessCard\src\test\resources
2020-08-28 18:42:54,502 [Worker-77: Building] INFO  o.e.m.c.i.embedder.EclipseLogger - Using 'UTF-8' encoding to copy filtered resources.
2020-08-28 18:42:54,502 [Worker-77: Building] INFO  o.e.m.c.i.embedder.EclipseLogger - skip non existing resourceDirectory D:\javaweb\명함관리프로그램(JDBC)\BusinessCard\src\main\resources
2020-08-28 18:42:54,502 [Worker-77: Building] INFO  o.e.m.c.i.embedder.EclipseLogger - Using 'UTF-8' encoding to copy filtered resources.
2020-08-28 18:42:54,502 [Worker-77: Building] INFO  o.e.m.c.i.embedder.EclipseLogger - skip non existing resourceDirectory D:\javaweb\명함관리프로그램(JDBC)\BusinessCard\src\test\resources
2020-08-28 18:42:59,474 [Worker-84: Building] INFO  o.e.m.c.i.embedder.EclipseLogger - Using 'UTF-8' encoding to copy filtered resources.
2020-08-28 18:42:59,474 [Worker-84: Building] INFO  o.e.m.c.i.embedder.EclipseLogger - skip non existing resourceDirectory D:\javaweb\명함관리프로그램(JDBC)\BusinessCard\src\main\resources
2020-08-28 18:42:59,474 [Worker-84: Building] INFO  o.e.m.c.i.embedder.EclipseLogger - Using 'UTF-8' encoding to copy filtered resources.
2020-08-28 18:42:59,474 [Worker-84: Building] INFO  o.e.m.c.i.embedder.EclipseLogger - skip non existing resourceDirectory D:\javaweb\명함관리프로그램(JDBC)\BusinessCard\src\test\resources
2020-08-28 18:43:46,182 [Worker-85: Building] INFO  o.e.m.c.i.embedder.EclipseLogger - Using 'UTF-8' encoding to copy filtered resources.
2020-08-28 18:43:46,182 [Worker-85: Building] INFO  o.e.m.c.i.embedder.EclipseLogger - skip non existing resourceDirectory D:\javaweb\명함관리프로그램(JDBC)\BusinessCard\src\main\resources
2020-08-28 18:43:46,182 [Worker-85: Building] INFO  o.e.m.c.i.embedder.EclipseLogger - Using 'UTF-8' encoding to copy filtered resources.
2020-08-28 18:43:46,182 [Worker-85: Building] INFO  o.e.m.c.i.embedder.EclipseLogger - skip non existing resourceDirectory D:\javaweb\명함관리프로그램(JDBC)\BusinessCard\src\test\resources
2020-08-28 18:44:02,431 [Worker-77: Building] INFO  o.e.m.c.i.embedder.EclipseLogger - Using 'UTF-8' encoding to copy filtered resources.
2020-08-28 18:44:02,431 [Worker-77: Building] INFO  o.e.m.c.i.embedder.EclipseLogger - skip non existing resourceDirectory D:\javaweb\명함관리프로그램(JDBC)\BusinessCard\src\main\resources
2020-08-28 18:44:02,431 [Worker-77: Building] INFO  o.e.m.c.i.embedder.EclipseLogger - Using 'UTF-8' encoding to copy filtered resources.
2020-08-28 18:44:02,431 [Worker-77: Building] INFO  o.e.m.c.i.embedder.EclipseLogger - skip non existing resourceDirectory D:\javaweb\명함관리프로그램(JDBC)\BusinessCard\src\test\resources
2020-08-28 18:44:06,913 [Worker-88: Building] INFO  o.e.m.c.i.embedder.EclipseLogger - Using 'UTF-8' encoding to copy filtered resources.
2020-08-28 18:44:06,913 [Worker-88: Building] INFO  o.e.m.c.i.embedder.EclipseLogger - skip non existing resourceDirectory D:\javaweb\명함관리프로그램(JDBC)\BusinessCard\src\main\resources
2020-08-28 18:44:06,914 [Worker-88: Building] INFO  o.e.m.c.i.embedder.EclipseLogger - Using 'UTF-8' encoding to copy filtered resources.
2020-08-28 18:44:06,914 [Worker-88: Building] INFO  o.e.m.c.i.embedder.EclipseLogger - skip non existing resourceDirectory D:\javaweb\명함관리프로그램(JDBC)\BusinessCard\src\test\resources
2020-08-28 18:44:50,696 [Worker-86: Building] INFO  o.e.m.c.i.embedder.EclipseLogger - Using 'UTF-8' encoding to copy filtered resources.
2020-08-28 18:44:50,696 [Worker-86: Building] INFO  o.e.m.c.i.embedder.EclipseLogger - skip non existing resourceDirectory D:\javaweb\명함관리프로그램(JDBC)\BusinessCard\src\main\resources
2020-08-28 18:44:50,696 [Worker-86: Building] INFO  o.e.m.c.i.embedder.EclipseLogger - Using 'UTF-8' encoding to copy filtered resources.
2020-08-28 18:44:50,697 [Worker-86: Building] INFO  o.e.m.c.i.embedder.EclipseLogger - skip non existing resourceDirectory D:\javaweb\명함관리프로그램(JDBC)\BusinessCard\src\test\resources
2020-08-28 18:45:17,184 [Worker-88: Building] INFO  o.e.m.c.i.embedder.EclipseLogger - Using 'UTF-8' encoding to copy filtered resources.
2020-08-28 18:45:17,184 [Worker-88: Building] INFO  o.e.m.c.i.embedder.EclipseLogger - skip non existing resourceDirectory D:\javaweb\명함관리프로그램(JDBC)\BusinessCard\src\main\resources
2020-08-28 18:45:17,184 [Worker-88: Building] INFO  o.e.m.c.i.embedder.EclipseLogger - Using 'UTF-8' encoding to copy filtered resources.
2020-08-28 18:45:17,184 [Worker-88: Building] INFO  o.e.m.c.i.embedder.EclipseLogger - skip non existing resourceDirectory D:\javaweb\명함관리프로그램(JDBC)\BusinessCard\src\test\resources
2020-08-28 18:45:43,470 [Worker-77: Building] INFO  o.e.m.c.i.embedder.EclipseLogger - Using 'UTF-8' encoding to copy filtered resources.
2020-08-28 18:45:43,470 [Worker-77: Building] INFO  o.e.m.c.i.embedder.EclipseLogger - skip non existing resourceDirectory D:\javaweb\명함관리프로그램(JDBC)\BusinessCard\src\main\resources
2020-08-28 18:45:43,471 [Worker-77: Building] INFO  o.e.m.c.i.embedder.EclipseLogger - Using 'UTF-8' encoding to copy filtered resources.
2020-08-28 18:45:43,471 [Worker-77: Building] INFO  o.e.m.c.i.embedder.EclipseLogger - skip non existing resourceDirectory D:\javaweb\명함관리프로그램(JDBC)\BusinessCard\src\test\resources
2020-08-28 18:45:48,023 [Worker-84: Building] INFO  o.e.m.c.i.embedder.EclipseLogger - Using 'UTF-8' encoding to copy filtered resources.
2020-08-28 18:45:48,023 [Worker-84: Building] INFO  o.e.m.c.i.embedder.EclipseLogger - skip non existing resourceDirectory D:\javaweb\명함관리프로그램(JDBC)\BusinessCard\src\main\resources
2020-08-28 18:45:48,023 [Worker-84: Building] INFO  o.e.m.c.i.embedder.EclipseLogger - Using 'UTF-8' encoding to copy filtered resources.
2020-08-28 18:45:48,023 [Worker-84: Building] INFO  o.e.m.c.i.embedder.EclipseLogger - skip non existing resourceDirectory D:\javaweb\명함관리프로그램(JDBC)\BusinessCard\src\test\resources
2020-08-28 18:46:25,693 [Worker-81: Building] INFO  o.e.m.c.i.embedder.EclipseLogger - Using 'UTF-8' encoding to copy filtered resources.
2020-08-28 18:46:25,694 [Worker-81: Building] INFO  o.e.m.c.i.embedder.EclipseLogger - skip non existing resourceDirectory D:\javaweb\명함관리프로그램(JDBC)\BusinessCard\src\main\resources
2020-08-28 18:46:25,694 [Worker-81: Building] INFO  o.e.m.c.i.embedder.EclipseLogger - Using 'UTF-8' encoding to copy filtered resources.
2020-08-28 18:46:25,695 [Worker-81: Building] INFO  o.e.m.c.i.embedder.EclipseLogger - skip non existing resourceDirectory D:\javaweb\명함관리프로그램(JDBC)\BusinessCard\src\test\resources
2020-08-28 18:46:35,863 [Worker-88: Building] INFO  o.e.m.c.i.embedder.EclipseLogger - Using 'UTF-8' encoding to copy filtered resources.
2020-08-28 18:46:35,863 [Worker-88: Building] INFO  o.e.m.c.i.embedder.EclipseLogger - skip non existing resourceDirectory D:\javaweb\명함관리프로그램(JDBC)\BusinessCard\src\main\resources
2020-08-28 18:46:35,864 [Worker-88: Building] INFO  o.e.m.c.i.embedder.EclipseLogger - Using 'UTF-8' encoding to copy filtered resources.
2020-08-28 18:46:35,864 [Worker-88: Building] INFO  o.e.m.c.i.embedder.EclipseLogger - skip non existing resourceDirectory D:\javaweb\명함관리프로그램(JDBC)\BusinessCard\src\test\resources
2020-08-28 18:46:37,574 [Worker-85: Building] INFO  o.e.m.c.i.embedder.EclipseLogger - Using 'UTF-8' encoding to copy filtered resources.
2020-08-28 18:46:37,574 [Worker-85: Building] INFO  o.e.m.c.i.embedder.EclipseLogger - skip non existing resourceDirectory D:\javaweb\명함관리프로그램(JDBC)\BusinessCard\src\main\resources
2020-08-28 18:46:37,574 [Worker-85: Building] INFO  o.e.m.c.i.embedder.EclipseLogger - Using 'UTF-8' encoding to copy filtered resources.
2020-08-28 18:46:37,574 [Worker-85: Building] INFO  o.e.m.c.i.embedder.EclipseLogger - skip non existing resourceDirectory D:\javaweb\명함관리프로그램(JDBC)\BusinessCard\src\test\resources
2020-08-28 18:47:39,990 [Worker-77: Building] INFO  o.e.m.c.i.embedder.EclipseLogger - Using 'UTF-8' encoding to copy filtered resources.
2020-08-28 18:47:39,990 [Worker-77: Building] INFO  o.e.m.c.i.embedder.EclipseLogger - skip non existing resourceDirectory D:\javaweb\명함관리프로그램(JDBC)\BusinessCard\src\main\resources
2020-08-28 18:47:39,990 [Worker-77: Building] INFO  o.e.m.c.i.embedder.EclipseLogger - Using 'UTF-8' encoding to copy filtered resources.
2020-08-28 18:47:39,990 [Worker-77: Building] INFO  o.e.m.c.i.embedder.EclipseLogger - skip non existing resourceDirectory D:\javaweb\명함관리프로그램(JDBC)\BusinessCard\src\test\resources
2020-08-28 18:48:12,809 [Worker-88: Building] INFO  o.e.m.c.i.embedder.EclipseLogger - Using 'UTF-8' encoding to copy filtered resources.
2020-08-28 18:48:12,809 [Worker-88: Building] INFO  o.e.m.c.i.embedder.EclipseLogger - skip non existing resourceDirectory D:\javaweb\명함관리프로그램(JDBC)\BusinessCard\src\main\resources
2020-08-28 18:48:12,809 [Worker-88: Building] INFO  o.e.m.c.i.embedder.EclipseLogger - Using 'UTF-8' encoding to copy filtered resources.
2020-08-28 18:48:12,809 [Worker-88: Building] INFO  o.e.m.c.i.embedder.EclipseLogger - skip non existing resourceDirectory D:\javaweb\명함관리프로그램(JDBC)\BusinessCard\src\test\resources
2020-08-28 18:48:32,401 [Worker-88: Building] INFO  o.e.m.c.i.embedder.EclipseLogger - Using 'UTF-8' encoding to copy filtered resources.
2020-08-28 18:48:32,401 [Worker-88: Building] INFO  o.e.m.c.i.embedder.EclipseLogger - skip non existing resourceDirectory D:\javaweb\명함관리프로그램(JDBC)\BusinessCard\src\main\resources
2020-08-28 18:48:32,401 [Worker-88: Building] INFO  o.e.m.c.i.embedder.EclipseLogger - Using 'UTF-8' encoding to copy filtered resources.
2020-08-28 18:48:32,401 [Worker-88: Building] INFO  o.e.m.c.i.embedder.EclipseLogger - skip non existing resourceDirectory D:\javaweb\명함관리프로그램(JDBC)\BusinessCard\src\test\resources
2020-08-28 18:48:39,150 [Worker-88: Building] INFO  o.e.m.c.i.embedder.EclipseLogger - Using 'UTF-8' encoding to copy filtered resources.
2020-08-28 18:48:39,150 [Worker-88: Building] INFO  o.e.m.c.i.embedder.EclipseLogger - skip non existing resourceDirectory D:\javaweb\명함관리프로그램(JDBC)\BusinessCard\src\main\resources
2020-08-28 18:48:39,151 [Worker-88: Building] INFO  o.e.m.c.i.embedder.EclipseLogger - Using 'UTF-8' encoding to copy filtered resources.
2020-08-28 18:48:39,151 [Worker-88: Building] INFO  o.e.m.c.i.embedder.EclipseLogger - skip non existing resourceDirectory D:\javaweb\명함관리프로그램(JDBC)\BusinessCard\src\test\resources
2020-08-28 18:48:53,422 [Worker-86: Building] INFO  o.e.m.c.i.embedder.EclipseLogger - Using 'UTF-8' encoding to copy filtered resources.
2020-08-28 18:48:53,423 [Worker-86: Building] INFO  o.e.m.c.i.embedder.EclipseLogger - skip non existing resourceDirectory D:\javaweb\명함관리프로그램(JDBC)\BusinessCard\src\main\resources
2020-08-28 18:48:53,423 [Worker-86: Building] INFO  o.e.m.c.i.embedder.EclipseLogger - Using 'UTF-8' encoding to copy filtered resources.
2020-08-28 18:48:53,423 [Worker-86: Building] INFO  o.e.m.c.i.embedder.EclipseLogger - skip non existing resourceDirectory D:\javaweb\명함관리프로그램(JDBC)\BusinessCard\src\test\resources
2020-08-28 18:49:00,375 [Worker-87: Building] INFO  o.e.m.c.i.embedder.EclipseLogger - Using 'UTF-8' encoding to copy filtered resources.
2020-08-28 18:49:00,375 [Worker-87: Building] INFO  o.e.m.c.i.embedder.EclipseLogger - skip non existing resourceDirectory D:\javaweb\명함관리프로그램(JDBC)\BusinessCard\src\main\resources
2020-08-28 18:49:00,376 [Worker-87: Building] INFO  o.e.m.c.i.embedder.EclipseLogger - Using 'UTF-8' encoding to copy filtered resources.
2020-08-28 18:49:00,376 [Worker-87: Building] INFO  o.e.m.c.i.embedder.EclipseLogger - skip non existing resourceDirectory D:\javaweb\명함관리프로그램(JDBC)\BusinessCard\src\test\resources
2020-08-28 18:49:05,784 [Worker-85: Building] INFO  o.e.m.c.i.embedder.EclipseLogger - Using 'UTF-8' encoding to copy filtered resources.
2020-08-28 18:49:05,784 [Worker-85: Building] INFO  o.e.m.c.i.embedder.EclipseLogger - skip non existing resourceDirectory D:\javaweb\명함관리프로그램(JDBC)\BusinessCard\src\main\resources
2020-08-28 18:49:05,785 [Worker-85: Building] INFO  o.e.m.c.i.embedder.EclipseLogger - Using 'UTF-8' encoding to copy filtered resources.
2020-08-28 18:49:05,785 [Worker-85: Building] INFO  o.e.m.c.i.embedder.EclipseLogger - skip non existing resourceDirectory D:\javaweb\명함관리프로그램(JDBC)\BusinessCard\src\test\resources
2020-08-28 18:49:37,288 [Worker-81: Building] INFO  o.e.m.c.i.embedder.EclipseLogger - Using 'UTF-8' encoding to copy filtered resources.
2020-08-28 18:49:37,288 [Worker-81: Building] INFO  o.e.m.c.i.embedder.EclipseLogger - skip non existing resourceDirectory D:\javaweb\명함관리프로그램(JDBC)\BusinessCard\src\main\resources
2020-08-28 18:49:37,289 [Worker-81: Building] INFO  o.e.m.c.i.embedder.EclipseLogger - Using 'UTF-8' encoding to copy filtered resources.
2020-08-28 18:49:37,289 [Worker-81: Building] INFO  o.e.m.c.i.embedder.EclipseLogger - skip non existing resourceDirectory D:\javaweb\명함관리프로그램(JDBC)\BusinessCard\src\test\resources
2020-08-28 18:49:56,829 [Worker-84: Building] INFO  o.e.m.c.i.embedder.EclipseLogger - Using 'UTF-8' encoding to copy filtered resources.
2020-08-28 18:49:56,829 [Worker-84: Building] INFO  o.e.m.c.i.embedder.EclipseLogger - skip non existing resourceDirectory D:\javaweb\명함관리프로그램(JDBC)\BusinessCard\src\main\resources
2020-08-28 18:49:56,830 [Worker-84: Building] INFO  o.e.m.c.i.embedder.EclipseLogger - Using 'UTF-8' encoding to copy filtered resources.
2020-08-28 18:49:56,830 [Worker-84: Building] INFO  o.e.m.c.i.embedder.EclipseLogger - skip non existing resourceDirectory D:\javaweb\명함관리프로그램(JDBC)\BusinessCard\src\test\resources
2020-08-28 18:50:07,502 [Worker-85: Building] INFO  o.e.m.c.i.embedder.EclipseLogger - Using 'UTF-8' encoding to copy filtered resources.
2020-08-28 18:50:07,503 [Worker-85: Building] INFO  o.e.m.c.i.embedder.EclipseLogger - skip non existing resourceDirectory D:\javaweb\명함관리프로그램(JDBC)\BusinessCard\src\main\resources
2020-08-28 18:50:07,503 [Worker-85: Building] INFO  o.e.m.c.i.embedder.EclipseLogger - Using 'UTF-8' encoding to copy filtered resources.
2020-08-28 18:50:07,503 [Worker-85: Building] INFO  o.e.m.c.i.embedder.EclipseLogger - skip non existing resourceDirectory D:\javaweb\명함관리프로그램(JDBC)\BusinessCard\src\test\resources
2020-08-28 18:50:12,186 [Worker-77: Building] INFO  o.e.m.c.i.embedder.EclipseLogger - Using 'UTF-8' encoding to copy filtered resources.
2020-08-28 18:50:12,186 [Worker-77: Building] INFO  o.e.m.c.i.embedder.EclipseLogger - skip non existing resourceDirectory D:\javaweb\명함관리프로그램(JDBC)\BusinessCard\src\main\resources
2020-08-28 18:50:12,187 [Worker-77: Building] INFO  o.e.m.c.i.embedder.EclipseLogger - Using 'UTF-8' encoding to copy filtered resources.
2020-08-28 18:50:12,187 [Worker-77: Building] INFO  o.e.m.c.i.embedder.EclipseLogger - skip non existing resourceDirectory D:\javaweb\명함관리프로그램(JDBC)\BusinessCard\src\test\resources
2020-08-28 18:50:18,907 [Worker-77: Building] INFO  o.e.m.c.i.embedder.EclipseLogger - Using 'UTF-8' encoding to copy filtered resources.
2020-08-28 18:50:18,907 [Worker-77: Building] INFO  o.e.m.c.i.embedder.EclipseLogger - skip non existing resourceDirectory D:\javaweb\명함관리프로그램(JDBC)\BusinessCard\src\main\resources
2020-08-28 18:50:18,908 [Worker-77: Building] INFO  o.e.m.c.i.embedder.EclipseLogger - Using 'UTF-8' encoding to copy filtered resources.
2020-08-28 18:50:18,908 [Worker-77: Building] INFO  o.e.m.c.i.embedder.EclipseLogger - skip non existing resourceDirectory D:\javaweb\명함관리프로그램(JDBC)\BusinessCard\src\test\resources
2020-08-28 18:51:35,193 [Worker-77: Building] INFO  o.e.m.c.i.embedder.EclipseLogger - Using 'UTF-8' encoding to copy filtered resources.
2020-08-28 18:51:35,193 [Worker-77: Building] INFO  o.e.m.c.i.embedder.EclipseLogger - skip non existing resourceDirectory D:\javaweb\명함관리프로그램(JDBC)\BusinessCard\src\main\resources
2020-08-28 18:51:35,193 [Worker-77: Building] INFO  o.e.m.c.i.embedder.EclipseLogger - Using 'UTF-8' encoding to copy filtered resources.
2020-08-28 18:51:35,194 [Worker-77: Building] INFO  o.e.m.c.i.embedder.EclipseLogger - skip non existing resourceDirectory D:\javaweb\명함관리프로그램(JDBC)\BusinessCard\src\test\resources
2020-08-28 18:53:04,339 [Worker-85: Building] INFO  o.e.m.c.i.embedder.EclipseLogger - Using 'UTF-8' encoding to copy filtered resources.
2020-08-28 18:53:04,339 [Worker-85: Building] INFO  o.e.m.c.i.embedder.EclipseLogger - skip non existing resourceDirectory D:\javaweb\명함관리프로그램(JDBC)\BusinessCard\src\main\resources
2020-08-28 18:53:04,340 [Worker-85: Building] INFO  o.e.m.c.i.embedder.EclipseLogger - Using 'UTF-8' encoding to copy filtered resources.
2020-08-28 18:53:04,340 [Worker-85: Building] INFO  o.e.m.c.i.embedder.EclipseLogger - skip non existing resourceDirectory D:\javaweb\명함관리프로그램(JDBC)\BusinessCard\src\test\resources
2020-08-28 18:53:30,056 [Worker-77: Building] INFO  o.e.m.c.i.embedder.EclipseLogger - Using 'UTF-8' encoding to copy filtered resources.
2020-08-28 18:53:30,057 [Worker-77: Building] INFO  o.e.m.c.i.embedder.EclipseLogger - skip non existing resourceDirectory D:\javaweb\명함관리프로그램(JDBC)\BusinessCard\src\main\resources
2020-08-28 18:53:30,057 [Worker-77: Building] INFO  o.e.m.c.i.embedder.EclipseLogger - Using 'UTF-8' encoding to copy filtered resources.
2020-08-28 18:53:30,057 [Worker-77: Building] INFO  o.e.m.c.i.embedder.EclipseLogger - skip non existing resourceDirectory D:\javaweb\명함관리프로그램(JDBC)\BusinessCard\src\test\resources
2020-08-28 18:54:29,776 [Worker-88: Building] INFO  o.e.m.c.i.embedder.EclipseLogger - Using 'UTF-8' encoding to copy filtered resources.
2020-08-28 18:54:29,776 [Worker-88: Building] INFO  o.e.m.c.i.embedder.EclipseLogger - skip non existing resourceDirectory D:\javaweb\명함관리프로그램(JDBC)\BusinessCard\src\main\resources
2020-08-28 18:54:29,777 [Worker-88: Building] INFO  o.e.m.c.i.embedder.EclipseLogger - Using 'UTF-8' encoding to copy filtered resources.
2020-08-28 18:54:29,777 [Worker-88: Building] INFO  o.e.m.c.i.embedder.EclipseLogger - skip non existing resourceDirectory D:\javaweb\명함관리프로그램(JDBC)\BusinessCard\src\test\resources
2020-08-28 18:54:43,688 [Worker-86: Building] INFO  o.e.m.c.i.embedder.EclipseLogger - Using 'UTF-8' encoding to copy filtered resources.
2020-08-28 18:54:43,688 [Worker-86: Building] INFO  o.e.m.c.i.embedder.EclipseLogger - skip non existing resourceDirectory D:\javaweb\명함관리프로그램(JDBC)\BusinessCard\src\main\resources
2020-08-28 18:54:43,688 [Worker-86: Building] INFO  o.e.m.c.i.embedder.EclipseLogger - Using 'UTF-8' encoding to copy filtered resources.
2020-08-28 18:54:43,688 [Worker-86: Building] INFO  o.e.m.c.i.embedder.EclipseLogger - skip non existing resourceDirectory D:\javaweb\명함관리프로그램(JDBC)\BusinessCard\src\test\resources
2020-08-28 18:55:02,585 [Worker-87: Building] INFO  o.e.m.c.i.embedder.EclipseLogger - Using 'UTF-8' encoding to copy filtered resources.
2020-08-28 18:55:02,585 [Worker-87: Building] INFO  o.e.m.c.i.embedder.EclipseLogger - skip non existing resourceDirectory D:\javaweb\명함관리프로그램(JDBC)\BusinessCard\src\main\resources
2020-08-28 18:55:02,586 [Worker-87: Building] INFO  o.e.m.c.i.embedder.EclipseLogger - Using 'UTF-8' encoding to copy filtered resources.
2020-08-28 18:55:02,586 [Worker-87: Building] INFO  o.e.m.c.i.embedder.EclipseLogger - skip non existing resourceDirectory D:\javaweb\명함관리프로그램(JDBC)\BusinessCard\src\test\resources
2020-08-28 18:55:04,056 [Worker-86: Building] INFO  o.e.m.c.i.embedder.EclipseLogger - Using 'UTF-8' encoding to copy filtered resources.
2020-08-28 18:55:04,056 [Worker-86: Building] INFO  o.e.m.c.i.embedder.EclipseLogger - skip non existing resourceDirectory D:\javaweb\명함관리프로그램(JDBC)\BusinessCard\src\main\resources
2020-08-28 18:55:04,057 [Worker-86: Building] INFO  o.e.m.c.i.embedder.EclipseLogger - Using 'UTF-8' encoding to copy filtered resources.
2020-08-28 18:55:04,057 [Worker-86: Building] INFO  o.e.m.c.i.embedder.EclipseLogger - skip non existing resourceDirectory D:\javaweb\명함관리프로그램(JDBC)\BusinessCard\src\test\resources
2020-08-28 19:04:08,073 [Worker-91: Building] INFO  o.e.m.c.i.embedder.EclipseLogger - Using 'UTF-8' encoding to copy filtered resources.
2020-08-28 19:04:08,073 [Worker-91: Building] INFO  o.e.m.c.i.embedder.EclipseLogger - skip non existing resourceDirectory D:\javaweb\명함관리프로그램(JDBC)\BusinessCard\src\main\resources
2020-08-28 19:04:08,074 [Worker-91: Building] INFO  o.e.m.c.i.embedder.EclipseLogger - Using 'UTF-8' encoding to copy filtered resources.
2020-08-28 19:04:08,074 [Worker-91: Building] INFO  o.e.m.c.i.embedder.EclipseLogger - skip non existing resourceDirectory D:\javaweb\명함관리프로그램(JDBC)\BusinessCard\src\test\resources
2020-08-28 19:19:18,827 [Worker-97: Building] INFO  o.e.m.c.i.embedder.EclipseLogger - Using 'UTF-8' encoding to copy filtered resources.
2020-08-28 19:19:18,827 [Worker-97: Building] INFO  o.e.m.c.i.embedder.EclipseLogger - skip non existing resourceDirectory D:\javaweb\명함관리프로그램(JDBC)\BusinessCard\src\main\resources
2020-08-28 19:19:18,828 [Worker-97: Building] INFO  o.e.m.c.i.embedder.EclipseLogger - Using 'UTF-8' encoding to copy filtered resources.
2020-08-28 19:19:18,828 [Worker-97: Building] INFO  o.e.m.c.i.embedder.EclipseLogger - skip non existing resourceDirectory D:\javaweb\명함관리프로그램(JDBC)\BusinessCard\src\test\resources
2020-08-28 19:22:24,927 [Worker-99: Building] INFO  o.e.m.c.i.embedder.EclipseLogger - Using 'UTF-8' encoding to copy filtered resources.
2020-08-28 19:22:24,927 [Worker-99: Building] INFO  o.e.m.c.i.embedder.EclipseLogger - skip non existing resourceDirectory D:\javaweb\명함관리프로그램(JDBC)\BusinessCard\src\main\resources
2020-08-28 19:22:24,928 [Worker-99: Building] INFO  o.e.m.c.i.embedder.EclipseLogger - Using 'UTF-8' encoding to copy filtered resources.
2020-08-28 19:22:24,928 [Worker-99: Building] INFO  o.e.m.c.i.embedder.EclipseLogger - skip non existing resourceDirectory D:\javaweb\명함관리프로그램(JDBC)\BusinessCard\src\test\resources
2020-08-28 19:22:38,056 [Worker-97: Building] INFO  o.e.m.c.i.embedder.EclipseLogger - Using 'UTF-8' encoding to copy filtered resources.
2020-08-28 19:22:38,056 [Worker-97: Building] INFO  o.e.m.c.i.embedder.EclipseLogger - skip non existing resourceDirectory D:\javaweb\명함관리프로그램(JDBC)\BusinessCard\src\main\resources
2020-08-28 19:22:38,057 [Worker-97: Building] INFO  o.e.m.c.i.embedder.EclipseLogger - Using 'UTF-8' encoding to copy filtered resources.
2020-08-28 19:22:38,057 [Worker-97: Building] INFO  o.e.m.c.i.embedder.EclipseLogger - skip non existing resourceDirectory D:\javaweb\명함관리프로그램(JDBC)\BusinessCard\src\test\resources
2020-08-28 19:23:58,904 [Worker-99: Building] INFO  o.e.m.c.i.embedder.EclipseLogger - Using 'UTF-8' encoding to copy filtered resources.
2020-08-28 19:23:58,904 [Worker-99: Building] INFO  o.e.m.c.i.embedder.EclipseLogger - skip non existing resourceDirectory D:\javaweb\명함관리프로그램(JDBC)\BusinessCard\src\main\resources
2020-08-28 19:23:58,905 [Worker-99: Building] INFO  o.e.m.c.i.embedder.EclipseLogger - Using 'UTF-8' encoding to copy filtered resources.
2020-08-28 19:23:58,905 [Worker-99: Building] INFO  o.e.m.c.i.embedder.EclipseLogger - skip non existing resourceDirectory D:\javaweb\명함관리프로그램(JDBC)\BusinessCard\src\test\resources
2020-08-28 19:42:58,143 [Worker-0: Loading available Gradle versions] INFO  o.e.b.c.i.u.g.PublishedGradleVersions - Gradle version information cache is up-to-date. Trying to read.
